2024-04-09 12:41:06.377 INFO  (main) [c: s: r: x: t:] o.e.j.s.Server jetty-10.0.19; built: 2023-12-15T20:38:32.477Z; git: 8492d1c78f122bb30cce20aecfa07e7283facd47; jvm 11.0.13+8
2024-04-09 12:41:07.590 WARN  (main) [c: s: r: x: t:] o.e.j.u.DeprecationWarning Using @Deprecated Class org.eclipse.jetty.servlet.listener.ELContextCleaner
2024-04-09 12:41:07.638 INFO  (main) [c: s: r: x: t:] o.a.s.s.CoreContainerProvider Using logger factory org.apache.logging.slf4j.Log4jLoggerFactory
2024-04-09 12:41:07.651 INFO  (main) [c: s: r: x: t:] o.a.s.s.CoreContainerProvider  ___      _       Welcome to Apache Solr™ version 9.5.0
2024-04-09 12:41:07.652 INFO  (main) [c: s: r: x: t:] o.a.s.s.CoreContainerProvider / __| ___| |_ _   Starting in standalone mode on port 8983
2024-04-09 12:41:07.652 INFO  (main) [c: s: r: x: t:] o.a.s.s.CoreContainerProvider \__ \/ _ \ | '_|  Install dir: C:\Users\Su Myat\Information-Retrieval\backend-index\solr-9.5.0
2024-04-09 12:41:07.652 INFO  (main) [c: s: r: x: t:] o.a.s.s.CoreContainerProvider |___/\___/_|_|    Start time: 2024-04-09T12:41:07.652417200Z
2024-04-09 12:41:07.659 INFO  (main) [c: s: r: x: t:] o.a.s.s.CoreContainerProvider Solr started with "-XX:+CrashOnOutOfMemoryError" that will crash on any OutOfMemoryError exception. The cause of the OOME will be logged in the crash file at the following path: C:\Users\Su Myat\Information-Retrieval\backend-index\solr-9.5.0\server\logs\jvm_crash_18496.log
2024-04-09 12:41:07.717 INFO  (main) [c: s: r: x: t:] o.a.s.s.CoreContainerProvider Solr Home: C:\Users\Su Myat\Information-Retrieval\backend-index\solr-9.5.0\server\solr (source: system property: solr.solr.home)
2024-04-09 12:41:07.744 INFO  (main) [c: s: r: x: t:] o.a.s.c.SolrXmlConfig Loading solr.xml from C:\Users\Su Myat\Information-Retrieval\backend-index\solr-9.5.0\server\solr\solr.xml
2024-04-09 12:41:07.836 INFO  (main) [c: s: r: x: t:] o.a.s.c.SolrResourceLoader Added 1 libs to classloader, from paths: [/C:/Users/Su%20Myat/Information-Retrieval/backend-index/solr-9.5.0/lib]
2024-04-09 12:41:09.774 INFO  (main) [c: s: r: x: t:] o.a.s.u.t.SimplePropagator Always-on trace id generation enabled.
2024-04-09 12:41:10.396 WARN  (main) [c: s: r: x: t:] o.a.s.u.StartupLoggingUtils Jetty request logging enabled. Will retain logs for last 3 days. See chapter "Configuring Logging" in reference guide for how to configure.
2024-04-09 12:41:10.403 WARN  (main) [c: s: r: x: t:] o.a.s.c.CoreContainer Not all security plugins configured!  authentication=disabled authorization=disabled.  Solr is only as secure as you make it. Consider configuring authentication/authorization before exposing Solr to users internal or external.  See https://s.apache.org/solrsecurity for more info
2024-04-09 12:41:10.861 INFO  (main) [c: s: r: x: t:] o.a.s.c.CorePropertiesLocator Found 1 core definitions underneath C:\Users\Su Myat\Information-Retrieval\backend-index\solr-9.5.0\server\solr
2024-04-09 12:41:10.862 INFO  (main) [c: s: r: x: t:] o.a.s.c.CorePropertiesLocator Cores are: [cz4034]
2024-04-09 12:41:10.953 INFO  (coreLoadExecutor-11-thread-1) [c: s: r: x:cz4034 t:] o.a.s.c.SolrConfig Using Lucene MatchVersion: 9.9.0
2024-04-09 12:41:11.165 INFO  (coreLoadExecutor-11-thread-1) [c: s: r: x:cz4034 t:] o.a.s.s.IndexSchema Schema name=default-config
2024-04-09 12:41:11.756 WARN  (main) [c: s: r: x: t:] o.g.j.m.i.MessagingBinders A class jakarta.activation.DataSource for a default provider MessageBodyWriter<jakarta.activation.DataSource> was not found. The provider is not available.
2024-04-09 12:41:12.457 INFO  (coreLoadExecutor-11-thread-1) [c: s: r: x:cz4034 t:] o.a.s.s.IndexSchema Loaded schema default-config/1.6 with uniqueid field id
2024-04-09 12:41:12.458 INFO  (coreLoadExecutor-11-thread-1) [c: s: r: x:cz4034 t:] o.a.s.c.CoreContainer Creating SolrCore 'cz4034' using configuration from instancedir C:\Users\Su Myat\Information-Retrieval\backend-index\solr-9.5.0\server\solr\cz4034, trusted=true
2024-04-09 12:41:12.633 INFO  (coreLoadExecutor-11-thread-1) [c: s: r: x:cz4034 t:] o.a.s.c.SolrCore Opening new SolrCore at [C:\Users\Su Myat\Information-Retrieval\backend-index\solr-9.5.0\server\solr\cz4034], dataDir=[C:\Users\Su Myat\Information-Retrieval\backend-index\solr-9.5.0\server\solr\cz4034\data\]
2024-04-09 12:41:13.143 INFO  (main) [c: s: r: x: t:] o.a.s.j.SolrRequestAuthorizer Creating a new SolrRequestAuthorizer
2024-04-09 12:41:14.854 INFO  (coreLoadExecutor-11-thread-1) [c: s: r: x:cz4034 t:] o.a.s.j.SolrRequestAuthorizer Creating a new SolrRequestAuthorizer
2024-04-09 12:41:14.960 INFO  (coreLoadExecutor-11-thread-1) [c: s: r: x:cz4034 t:] o.a.s.u.UpdateHandler Using UpdateLog implementation: org.apache.solr.update.UpdateLog
2024-04-09 12:41:14.960 INFO  (coreLoadExecutor-11-thread-1) [c: s: r: x:cz4034 t:] o.a.s.u.UpdateLog Initializing UpdateLog: dataDir= defaultSyncLevel=FLUSH numRecordsToKeep=100 maxNumLogsToKeep=10 numVersionBuckets=65536
2024-04-09 12:41:15.033 INFO  (main) [c: s: r: x: t:] o.e.j.s.h.ContextHandler Started o.e.j.w.WebAppContext@5bb3131b{solr-jetty-context.xml,/solr,file:///C:/Users/Su%20Myat/Information-Retrieval/backend-index/solr-9.5.0/server/solr-webapp/webapp/,AVAILABLE}{C:\Users\Su Myat\Information-Retrieval\backend-index\solr-9.5.0\server/solr-webapp/webapp}
2024-04-09 12:41:15.038 INFO  (coreLoadExecutor-11-thread-1) [c: s: r: x:cz4034 t:] o.a.s.u.CommitTracker Hard AutoCommit: if uncommitted for 15000ms; 
2024-04-09 12:41:15.051 INFO  (coreLoadExecutor-11-thread-1) [c: s: r: x:cz4034 t:] o.a.s.u.CommitTracker Soft AutoCommit: if uncommitted for 3000ms; 
2024-04-09 12:41:15.076 INFO  (main) [c: s: r: x: t:] o.e.j.s.RequestLogWriter Opened C:\Users\Su Myat\Information-Retrieval\backend-index\solr-9.5.0\server\logs\2024_04_09.request.log
2024-04-09 12:41:15.133 INFO  (main) [c: s: r: x: t:] o.e.j.s.AbstractConnector Started ServerConnector@51b01960{HTTP/1.1, (http/1.1, h2c)}{127.0.0.1:8983}
2024-04-09 12:41:15.138 INFO  (main) [c: s: r: x: t:] o.e.j.s.Server Started Server@1af1347d{STARTING}[10.0.19,sto=0] @11600ms
2024-04-09 12:41:16.222 INFO  (coreLoadExecutor-11-thread-1) [c: s: r: x:cz4034 t:] o.a.s.r.ManagedResourceStorage File-based storage initialized to use dir: C:\Users\Su Myat\Information-Retrieval\backend-index\solr-9.5.0\server\solr\cz4034\conf
2024-04-09 12:41:16.235 INFO  (qtp203819996-20-localhost-1) [c: s: r: x: t:localhost-1] o.a.s.s.HttpSolrCall [admin] webapp=null path=/admin/info/system params={wt=javabin&version=2} status=0 QTime=270
2024-04-09 12:41:16.402 INFO  (coreLoadExecutor-11-thread-1) [c: s: r: x:cz4034 t:] o.a.s.h.c.SpellCheckComponent Registering newSearcher listener for spellchecker: default
2024-04-09 12:41:16.418 INFO  (coreLoadExecutor-11-thread-1) [c: s: r: x:cz4034 t:] o.a.s.h.c.SpellCheckComponent Registering newSearcher listener for spellchecker: wordbreak
2024-04-09 12:41:16.454 INFO  (coreLoadExecutor-11-thread-1) [c: s: r: x:cz4034 t:] o.a.s.h.ReplicationHandler Commits will be reserved for 10000 ms
2024-04-09 12:41:16.462 INFO  (searcherExecutor-13-thread-1-processing-cz4034) [c: s: r: x:cz4034 t:] o.a.s.c.QuerySenderListener QuerySenderListener done.
2024-04-09 12:41:16.462 INFO  (searcherExecutor-13-thread-1-processing-cz4034) [c: s: r: x:cz4034 t:] o.a.s.h.c.SpellCheckComponent Loading spell index for spellchecker: default
2024-04-09 12:41:16.484 INFO  (searcherExecutor-13-thread-1-processing-cz4034) [c: s: r: x:cz4034 t:] o.a.s.h.c.SpellCheckComponent Loading spell index for spellchecker: wordbreak
2024-04-09 12:41:16.525 INFO  (searcherExecutor-13-thread-1-processing-cz4034) [c: s: r: x:cz4034 t:] o.a.s.c.SolrCore Registered new searcher autowarm time: 0 ms
2024-04-09 12:41:25.209 WARN  (qtp203819996-18-localhost-2) [c: s: r: x:cz4034 t:localhost-2] o.a.s.s.SpellCheckCollator Exception trying to re-query to check if a spell check possibility would return any hits. => org.apache.solr.common.SolrException: invalid query parser 'license' for query '{!license}*:*'
	at org.apache.solr.search.QParser.getParser(QParser.java:392)
org.apache.solr.common.SolrException: invalid query parser 'license' for query '{!license}*:*'
	at org.apache.solr.search.QParser.getParser(QParser.java:392) ~[?:?]
	at org.apache.solr.search.QParser.getParser(QParser.java:334) ~[?:?]
	at org.apache.solr.handler.component.QueryComponent.prepare(QueryComponent.java:172) ~[?:?]
	at org.apache.solr.spelling.SpellCheckCollator.collate(SpellCheckCollator.java:154) ~[?:?]
	at org.apache.solr.handler.component.SpellCheckComponent.addCollationsToResponse(SpellCheckComponent.java:305) ~[?:?]
	at org.apache.solr.handler.component.SpellCheckComponent.process(SpellCheckComponent.java:212) ~[?:?]
	at org.apache.solr.handler.component.SearchHandler.handleRequestBody(SearchHandler.java:467) ~[?:?]
	at org.apache.solr.handler.RequestHandlerBase.handleRequest(RequestHandlerBase.java:226) ~[?:?]
	at org.apache.solr.core.SolrCore.execute(SolrCore.java:2884) ~[?:?]
	at org.apache.solr.handler.PingRequestHandler.handlePing(PingRequestHandler.java:275) ~[?:?]
	at org.apache.solr.handler.PingRequestHandler.handleRequestBody(PingRequestHandler.java:206) ~[?:?]
	at org.apache.solr.handler.RequestHandlerBase.handleRequest(RequestHandlerBase.java:226) ~[?:?]
	at org.apache.solr.core.SolrCore.execute(SolrCore.java:2884) ~[?:?]
	at org.apache.solr.servlet.HttpSolrCall.executeCoreRequest(HttpSolrCall.java:875) ~[?:?]
	at org.apache.solr.servlet.HttpSolrCall.call(HttpSolrCall.java:561) ~[?:?]
	at org.apache.solr.servlet.SolrDispatchFilter.dispatch(SolrDispatchFilter.java:262) ~[?:?]
	at org.apache.solr.servlet.SolrDispatchFilter.lambda$doFilter$0(SolrDispatchFilter.java:219) ~[?:?]
	at org.apache.solr.servlet.ServletUtils.traceHttpRequestExecution2(ServletUtils.java:249) ~[?:?]
	at org.apache.solr.servlet.ServletUtils.rateLimitRequest(ServletUtils.java:215) ~[?:?]
	at org.apache.solr.servlet.SolrDispatchFilter.doFilter(SolrDispatchFilter.java:213) ~[?:?]
	at org.apache.solr.servlet.SolrDispatchFilter.doFilter(SolrDispatchFilter.java:195) ~[?:?]
	at org.eclipse.jetty.servlet.FilterHolder.doFilter(FilterHolder.java:210) ~[jetty-servlet-10.0.19.jar:10.0.19]
	at org.eclipse.jetty.servlet.ServletHandler$Chain.doFilter(ServletHandler.java:1635) ~[jetty-servlet-10.0.19.jar:10.0.19]
	at org.eclipse.jetty.servlet.ServletHandler.doHandle(ServletHandler.java:527) ~[jetty-servlet-10.0.19.jar:10.0.19]
	at org.eclipse.jetty.server.handler.ScopedHandler.handle(ScopedHandler.java:131) ~[jetty-server-10.0.19.jar:10.0.19]
	at org.eclipse.jetty.security.SecurityHandler.handle(SecurityHandler.java:598) ~[jetty-security-10.0.19.jar:10.0.19]
	at org.eclipse.jetty.server.handler.HandlerWrapper.handle(HandlerWrapper.java:122) ~[jetty-server-10.0.19.jar:10.0.19]
	at org.eclipse.jetty.server.handler.ScopedHandler.nextHandle(ScopedHandler.java:223) ~[jetty-server-10.0.19.jar:10.0.19]
	at org.eclipse.jetty.server.session.SessionHandler.doHandle(SessionHandler.java:1580) ~[jetty-server-10.0.19.jar:10.0.19]
	at org.eclipse.jetty.server.handler.ScopedHandler.nextHandle(ScopedHandler.java:221) ~[jetty-server-10.0.19.jar:10.0.19]
	at org.eclipse.jetty.server.handler.ContextHandler.doHandle(ContextHandler.java:1384) ~[jetty-server-10.0.19.jar:10.0.19]
	at org.eclipse.jetty.server.handler.ScopedHandler.nextScope(ScopedHandler.java:176) ~[jetty-server-10.0.19.jar:10.0.19]
	at org.eclipse.jetty.servlet.ServletHandler.doScope(ServletHandler.java:484) ~[jetty-servlet-10.0.19.jar:10.0.19]
	at org.eclipse.jetty.server.session.SessionHandler.doScope(SessionHandler.java:1553) ~[jetty-server-10.0.19.jar:10.0.19]
	at org.eclipse.jetty.server.handler.ScopedHandler.nextScope(ScopedHandler.java:174) ~[jetty-server-10.0.19.jar:10.0.19]
	at org.eclipse.jetty.server.handler.ContextHandler.doScope(ContextHandler.java:1306) ~[jetty-server-10.0.19.jar:10.0.19]
	at org.eclipse.jetty.server.handler.ScopedHandler.handle(ScopedHandler.java:129) ~[jetty-server-10.0.19.jar:10.0.19]
	at org.eclipse.jetty.server.handler.ContextHandlerCollection.handle(ContextHandlerCollection.java:149) ~[jetty-server-10.0.19.jar:10.0.19]
	at org.eclipse.jetty.server.handler.InetAccessHandler.handle(InetAccessHandler.java:228) ~[jetty-server-10.0.19.jar:10.0.19]
	at org.eclipse.jetty.server.handler.HandlerCollection.handle(HandlerCollection.java:141) ~[jetty-server-10.0.19.jar:10.0.19]
	at org.eclipse.jetty.server.handler.HandlerWrapper.handle(HandlerWrapper.java:122) ~[jetty-server-10.0.19.jar:10.0.19]
	at org.eclipse.jetty.rewrite.handler.RewriteHandler.handle(RewriteHandler.java:301) ~[jetty-rewrite-10.0.19.jar:10.0.19]
	at org.eclipse.jetty.server.handler.HandlerWrapper.handle(HandlerWrapper.java:122) ~[jetty-server-10.0.19.jar:10.0.19]
	at org.eclipse.jetty.server.handler.gzip.GzipHandler.handle(GzipHandler.java:822) ~[jetty-server-10.0.19.jar:10.0.19]
	at org.eclipse.jetty.server.handler.HandlerWrapper.handle(HandlerWrapper.java:122) ~[jetty-server-10.0.19.jar:10.0.19]
	at org.eclipse.jetty.server.Server.handle(Server.java:563) ~[jetty-server-10.0.19.jar:10.0.19]
	at org.eclipse.jetty.server.HttpChannel$RequestDispatchable.dispatch(HttpChannel.java:1598) ~[jetty-server-10.0.19.jar:10.0.19]
	at org.eclipse.jetty.server.HttpChannel.dispatch(HttpChannel.java:753) ~[jetty-server-10.0.19.jar:10.0.19]
	at org.eclipse.jetty.server.HttpChannel.handle(HttpChannel.java:501) ~[jetty-server-10.0.19.jar:10.0.19]
	at org.eclipse.jetty.server.HttpConnection.onFillable(HttpConnection.java:287) ~[jetty-server-10.0.19.jar:10.0.19]
	at org.eclipse.jetty.io.AbstractConnection$ReadCallback.succeeded(AbstractConnection.java:314) ~[jetty-io-10.0.19.jar:10.0.19]
	at org.eclipse.jetty.io.FillInterest.fillable(FillInterest.java:100) ~[jetty-io-10.0.19.jar:10.0.19]
	at org.eclipse.jetty.io.SelectableChannelEndPoint$1.run(SelectableChannelEndPoint.java:53) ~[jetty-io-10.0.19.jar:10.0.19]
	at org.eclipse.jetty.util.thread.strategy.AdaptiveExecutionStrategy.runTask(AdaptiveExecutionStrategy.java:421) ~[jetty-util-10.0.19.jar:10.0.19]
	at org.eclipse.jetty.util.thread.strategy.AdaptiveExecutionStrategy.consumeTask(AdaptiveExecutionStrategy.java:390) ~[jetty-util-10.0.19.jar:10.0.19]
	at org.eclipse.jetty.util.thread.strategy.AdaptiveExecutionStrategy.tryProduce(AdaptiveExecutionStrategy.java:277) ~[jetty-util-10.0.19.jar:10.0.19]
	at org.eclipse.jetty.util.thread.strategy.AdaptiveExecutionStrategy.produce(AdaptiveExecutionStrategy.java:193) ~[jetty-util-10.0.19.jar:10.0.19]
	at org.eclipse.jetty.util.thread.QueuedThreadPool.runJob(QueuedThreadPool.java:969) ~[jetty-util-10.0.19.jar:10.0.19]
	at org.eclipse.jetty.util.thread.QueuedThreadPool$Runner.doRunJob(QueuedThreadPool.java:1194) ~[jetty-util-10.0.19.jar:10.0.19]
	at org.eclipse.jetty.util.thread.QueuedThreadPool$Runner.run(QueuedThreadPool.java:1149) ~[jetty-util-10.0.19.jar:10.0.19]
	at java.base/java.lang.Thread.run(Thread.java:829) [?:?]
2024-04-09 12:41:25.212 INFO  (qtp203819996-18-localhost-2) [c: s: r: x:cz4034 t:localhost-2] o.a.s.c.S.Request webapp=/solr path=/admin/ping params={} hits=10205 status=0 QTime=412
2024-04-09 12:41:25.213 INFO  (qtp203819996-18-localhost-2) [c: s: r: x:cz4034 t:localhost-2] o.a.s.c.S.Request webapp=/solr path=/admin/ping params={} status=0 QTime=416
2024-04-09 12:41:27.751 WARN  (qtp203819996-19-localhost-3) [c: s: r: x:cz4034 t:localhost-3] o.a.s.s.SpellCheckCollator Exception trying to re-query to check if a spell check possibility would return any hits. => org.apache.solr.common.SolrException: invalid query parser 'license' for query '{!license}*:*'
	at org.apache.solr.search.QParser.getParser(QParser.java:392)
org.apache.solr.common.SolrException: invalid query parser 'license' for query '{!license}*:*'
	at org.apache.solr.search.QParser.getParser(QParser.java:392) ~[?:?]
	at org.apache.solr.search.QParser.getParser(QParser.java:334) ~[?:?]
	at org.apache.solr.handler.component.QueryComponent.prepare(QueryComponent.java:172) ~[?:?]
	at org.apache.solr.spelling.SpellCheckCollator.collate(SpellCheckCollator.java:154) ~[?:?]
	at org.apache.solr.handler.component.SpellCheckComponent.addCollationsToResponse(SpellCheckComponent.java:305) ~[?:?]
	at org.apache.solr.handler.component.SpellCheckComponent.process(SpellCheckComponent.java:212) ~[?:?]
	at org.apache.solr.handler.component.SearchHandler.handleRequestBody(SearchHandler.java:467) ~[?:?]
	at org.apache.solr.handler.RequestHandlerBase.handleRequest(RequestHandlerBase.java:226) ~[?:?]
	at org.apache.solr.core.SolrCore.execute(SolrCore.java:2884) ~[?:?]
	at org.apache.solr.handler.PingRequestHandler.handlePing(PingRequestHandler.java:275) ~[?:?]
	at org.apache.solr.handler.PingRequestHandler.handleRequestBody(PingRequestHandler.java:206) ~[?:?]
	at org.apache.solr.handler.RequestHandlerBase.handleRequest(RequestHandlerBase.java:226) ~[?:?]
	at org.apache.solr.core.SolrCore.execute(SolrCore.java:2884) ~[?:?]
	at org.apache.solr.servlet.HttpSolrCall.executeCoreRequest(HttpSolrCall.java:875) ~[?:?]
	at org.apache.solr.servlet.HttpSolrCall.call(HttpSolrCall.java:561) ~[?:?]
	at org.apache.solr.servlet.SolrDispatchFilter.dispatch(SolrDispatchFilter.java:262) ~[?:?]
	at org.apache.solr.servlet.SolrDispatchFilter.lambda$doFilter$0(SolrDispatchFilter.java:219) ~[?:?]
	at org.apache.solr.servlet.ServletUtils.traceHttpRequestExecution2(ServletUtils.java:249) ~[?:?]
	at org.apache.solr.servlet.ServletUtils.rateLimitRequest(ServletUtils.java:215) ~[?:?]
	at org.apache.solr.servlet.SolrDispatchFilter.doFilter(SolrDispatchFilter.java:213) ~[?:?]
	at org.apache.solr.servlet.SolrDispatchFilter.doFilter(SolrDispatchFilter.java:195) ~[?:?]
	at org.eclipse.jetty.servlet.FilterHolder.doFilter(FilterHolder.java:210) ~[jetty-servlet-10.0.19.jar:10.0.19]
	at org.eclipse.jetty.servlet.ServletHandler$Chain.doFilter(ServletHandler.java:1635) ~[jetty-servlet-10.0.19.jar:10.0.19]
	at org.eclipse.jetty.servlet.ServletHandler.doHandle(ServletHandler.java:527) ~[jetty-servlet-10.0.19.jar:10.0.19]
	at org.eclipse.jetty.server.handler.ScopedHandler.handle(ScopedHandler.java:131) ~[jetty-server-10.0.19.jar:10.0.19]
	at org.eclipse.jetty.security.SecurityHandler.handle(SecurityHandler.java:598) ~[jetty-security-10.0.19.jar:10.0.19]
	at org.eclipse.jetty.server.handler.HandlerWrapper.handle(HandlerWrapper.java:122) ~[jetty-server-10.0.19.jar:10.0.19]
	at org.eclipse.jetty.server.handler.ScopedHandler.nextHandle(ScopedHandler.java:223) ~[jetty-server-10.0.19.jar:10.0.19]
	at org.eclipse.jetty.server.session.SessionHandler.doHandle(SessionHandler.java:1580) ~[jetty-server-10.0.19.jar:10.0.19]
	at org.eclipse.jetty.server.handler.ScopedHandler.nextHandle(ScopedHandler.java:221) ~[jetty-server-10.0.19.jar:10.0.19]
	at org.eclipse.jetty.server.handler.ContextHandler.doHandle(ContextHandler.java:1384) ~[jetty-server-10.0.19.jar:10.0.19]
	at org.eclipse.jetty.server.handler.ScopedHandler.nextScope(ScopedHandler.java:176) ~[jetty-server-10.0.19.jar:10.0.19]
	at org.eclipse.jetty.servlet.ServletHandler.doScope(ServletHandler.java:484) ~[jetty-servlet-10.0.19.jar:10.0.19]
	at org.eclipse.jetty.server.session.SessionHandler.doScope(SessionHandler.java:1553) ~[jetty-server-10.0.19.jar:10.0.19]
	at org.eclipse.jetty.server.handler.ScopedHandler.nextScope(ScopedHandler.java:174) ~[jetty-server-10.0.19.jar:10.0.19]
	at org.eclipse.jetty.server.handler.ContextHandler.doScope(ContextHandler.java:1306) ~[jetty-server-10.0.19.jar:10.0.19]
	at org.eclipse.jetty.server.handler.ScopedHandler.handle(ScopedHandler.java:129) ~[jetty-server-10.0.19.jar:10.0.19]
	at org.eclipse.jetty.server.handler.ContextHandlerCollection.handle(ContextHandlerCollection.java:149) ~[jetty-server-10.0.19.jar:10.0.19]
	at org.eclipse.jetty.server.handler.InetAccessHandler.handle(InetAccessHandler.java:228) ~[jetty-server-10.0.19.jar:10.0.19]
	at org.eclipse.jetty.server.handler.HandlerCollection.handle(HandlerCollection.java:141) ~[jetty-server-10.0.19.jar:10.0.19]
	at org.eclipse.jetty.server.handler.HandlerWrapper.handle(HandlerWrapper.java:122) ~[jetty-server-10.0.19.jar:10.0.19]
	at org.eclipse.jetty.rewrite.handler.RewriteHandler.handle(RewriteHandler.java:301) ~[jetty-rewrite-10.0.19.jar:10.0.19]
	at org.eclipse.jetty.server.handler.HandlerWrapper.handle(HandlerWrapper.java:122) ~[jetty-server-10.0.19.jar:10.0.19]
	at org.eclipse.jetty.server.handler.gzip.GzipHandler.handle(GzipHandler.java:822) ~[jetty-server-10.0.19.jar:10.0.19]
	at org.eclipse.jetty.server.handler.HandlerWrapper.handle(HandlerWrapper.java:122) ~[jetty-server-10.0.19.jar:10.0.19]
	at org.eclipse.jetty.server.Server.handle(Server.java:563) ~[jetty-server-10.0.19.jar:10.0.19]
	at org.eclipse.jetty.server.HttpChannel$RequestDispatchable.dispatch(HttpChannel.java:1598) ~[jetty-server-10.0.19.jar:10.0.19]
	at org.eclipse.jetty.server.HttpChannel.dispatch(HttpChannel.java:753) ~[jetty-server-10.0.19.jar:10.0.19]
	at org.eclipse.jetty.server.HttpChannel.handle(HttpChannel.java:501) ~[jetty-server-10.0.19.jar:10.0.19]
	at org.eclipse.jetty.server.HttpConnection.onFillable(HttpConnection.java:287) ~[jetty-server-10.0.19.jar:10.0.19]
	at org.eclipse.jetty.io.AbstractConnection$ReadCallback.succeeded(AbstractConnection.java:314) ~[jetty-io-10.0.19.jar:10.0.19]
	at org.eclipse.jetty.io.FillInterest.fillable(FillInterest.java:100) ~[jetty-io-10.0.19.jar:10.0.19]
	at org.eclipse.jetty.io.SelectableChannelEndPoint$1.run(SelectableChannelEndPoint.java:53) ~[jetty-io-10.0.19.jar:10.0.19]
	at org.eclipse.jetty.util.thread.strategy.AdaptiveExecutionStrategy.runTask(AdaptiveExecutionStrategy.java:421) ~[jetty-util-10.0.19.jar:10.0.19]
	at org.eclipse.jetty.util.thread.strategy.AdaptiveExecutionStrategy.consumeTask(AdaptiveExecutionStrategy.java:390) ~[jetty-util-10.0.19.jar:10.0.19]
	at org.eclipse.jetty.util.thread.strategy.AdaptiveExecutionStrategy.tryProduce(AdaptiveExecutionStrategy.java:277) ~[jetty-util-10.0.19.jar:10.0.19]
	at org.eclipse.jetty.util.thread.strategy.AdaptiveExecutionStrategy.produce(AdaptiveExecutionStrategy.java:193) ~[jetty-util-10.0.19.jar:10.0.19]
	at org.eclipse.jetty.util.thread.QueuedThreadPool.runJob(QueuedThreadPool.java:969) ~[jetty-util-10.0.19.jar:10.0.19]
	at org.eclipse.jetty.util.thread.QueuedThreadPool$Runner.doRunJob(QueuedThreadPool.java:1194) ~[jetty-util-10.0.19.jar:10.0.19]
	at org.eclipse.jetty.util.thread.QueuedThreadPool$Runner.run(QueuedThreadPool.java:1149) ~[jetty-util-10.0.19.jar:10.0.19]
	at java.base/java.lang.Thread.run(Thread.java:829) [?:?]
2024-04-09 12:41:27.751 INFO  (qtp203819996-19-localhost-3) [c: s: r: x:cz4034 t:localhost-3] o.a.s.c.S.Request webapp=/solr path=/admin/ping params={} hits=10205 status=0 QTime=47
2024-04-09 12:41:27.753 INFO  (qtp203819996-19-localhost-3) [c: s: r: x:cz4034 t:localhost-3] o.a.s.c.S.Request webapp=/solr path=/admin/ping params={} status=0 QTime=48
2024-04-09 12:41:34.222 INFO  (searcherExecutor-13-thread-1-processing-cz4034) [c: s: r: x:cz4034 t:] o.a.s.c.QuerySenderListener QuerySenderListener done.
2024-04-09 12:41:34.222 INFO  (searcherExecutor-13-thread-1-processing-cz4034) [c: s: r: x:cz4034 t:] o.a.s.h.c.SpellCheckComponent Building spell index for spell checker: default
2024-04-09 12:41:35.581 INFO  (searcherExecutor-13-thread-1-processing-cz4034) [c: s: r: x:cz4034 t:] o.a.s.h.c.SpellCheckComponent Building spell index for spell checker: wordbreak
2024-04-09 12:41:35.614 INFO  (searcherExecutor-13-thread-1-processing-cz4034) [c: s: r: x:cz4034 t:] o.a.s.c.SolrCore Registered new searcher autowarm time: 13 ms
2024-04-09 12:41:37.093 INFO  (searcherExecutor-13-thread-1-processing-cz4034) [c: s: r: x:cz4034 t:] o.a.s.c.QuerySenderListener QuerySenderListener done.
2024-04-09 12:41:37.093 INFO  (searcherExecutor-13-thread-1-processing-cz4034) [c: s: r: x:cz4034 t:] o.a.s.h.c.SpellCheckComponent Building spell index for spell checker: default
2024-04-09 12:41:37.677 INFO  (searcherExecutor-13-thread-1-processing-cz4034) [c: s: r: x:cz4034 t:] o.a.s.h.c.SpellCheckComponent Building spell index for spell checker: wordbreak
2024-04-09 12:41:37.697 INFO  (searcherExecutor-13-thread-1-processing-cz4034) [c: s: r: x:cz4034 t:] o.a.s.c.SolrCore Registered new searcher autowarm time: 0 ms
2024-04-09 12:41:39.733 INFO  (searcherExecutor-13-thread-1-processing-cz4034) [c: s: r: x:cz4034 t:] o.a.s.c.QuerySenderListener QuerySenderListener done.
2024-04-09 12:41:39.733 INFO  (searcherExecutor-13-thread-1-processing-cz4034) [c: s: r: x:cz4034 t:] o.a.s.h.c.SpellCheckComponent Building spell index for spell checker: default
2024-04-09 12:41:40.305 INFO  (searcherExecutor-13-thread-1-processing-cz4034) [c: s: r: x:cz4034 t:] o.a.s.h.c.SpellCheckComponent Building spell index for spell checker: wordbreak
2024-04-09 12:41:40.320 INFO  (searcherExecutor-13-thread-1-processing-cz4034) [c: s: r: x:cz4034 t:] o.a.s.c.SolrCore Registered new searcher autowarm time: 0 ms
2024-04-09 12:41:40.509 INFO  (qtp203819996-25-localhost-4) [c: s: r: x:cz4034 t:localhost-4] o.a.s.u.p.LogUpdateProcessorFactory webapp=/solr path=/update params={}{add=[1azytar (1795860976957915136), 1azyssf (1795860977098424320), 1azxsze (1795860977103667200), 1azx26v (1795860977109958656), 1azvuxx (1795860977118347264), 1azva4x (1795860977123590144), 1azv8xe (1795860977126735872), 1azv3no (1795860977130930176), 1azun3q (1795860977136173056), 1azu5hw (1795860977140367360), ... (10205 adds)]} 0 11385
2024-04-09 12:41:41.331 INFO  (searcherExecutor-13-thread-1-processing-cz4034 localhost-5) [c: s: r: x:cz4034 t:localhost-5] o.a.s.c.QuerySenderListener QuerySenderListener done.
2024-04-09 12:41:41.331 INFO  (searcherExecutor-13-thread-1-processing-cz4034 localhost-5) [c: s: r: x:cz4034 t:localhost-5] o.a.s.h.c.SpellCheckComponent Building spell index for spell checker: default
2024-04-09 12:41:41.799 INFO  (searcherExecutor-13-thread-1-processing-cz4034 localhost-5) [c: s: r: x:cz4034 t:localhost-5] o.a.s.h.c.SpellCheckComponent Building spell index for spell checker: wordbreak
2024-04-09 12:41:41.815 INFO  (searcherExecutor-13-thread-1-processing-cz4034 localhost-5) [c: s: r: x:cz4034 t:localhost-5] o.a.s.c.SolrCore Registered new searcher autowarm time: 0 ms
2024-04-09 12:41:41.965 INFO  (searcherExecutor-13-thread-1-processing-cz4034 localhost-5) [c: s: r: x:cz4034 t:localhost-5] o.a.s.c.QuerySenderListener QuerySenderListener done.
2024-04-09 12:41:41.965 INFO  (searcherExecutor-13-thread-1-processing-cz4034 localhost-5) [c: s: r: x:cz4034 t:localhost-5] o.a.s.h.c.SpellCheckComponent Building spell index for spell checker: default
2024-04-09 12:41:42.412 INFO  (searcherExecutor-13-thread-1-processing-cz4034 localhost-5) [c: s: r: x:cz4034 t:localhost-5] o.a.s.h.c.SpellCheckComponent Building spell index for spell checker: wordbreak
2024-04-09 12:41:42.430 INFO  (searcherExecutor-13-thread-1-processing-cz4034 localhost-5) [c: s: r: x:cz4034 t:localhost-5] o.a.s.c.SolrCore Registered new searcher autowarm time: 0 ms
2024-04-09 12:41:42.492 INFO  (qtp203819996-18-localhost-5) [c: s: r: x:cz4034 t:localhost-5] o.a.s.u.p.LogUpdateProcessorFactory webapp=/solr path=/update params={commit=true}{commit=, commit=} 0 1968
2024-04-09 12:41:50.921 INFO  (qtp203819996-21-localhost-6) [c: s: r: x: t:localhost-6] o.a.s.s.HttpSolrCall [admin] webapp=null path=/admin/cores params={indexInfo=false&wt=json&_=1712662697343} status=0 QTime=1
2024-04-09 12:41:51.037 INFO  (qtp203819996-18-localhost-7) [c: s: r: x: t:localhost-7] o.a.s.s.HttpSolrCall [admin] webapp=null path=/admin/info/system params={wt=json&_=1712662697343} status=0 QTime=106
2024-04-09 12:41:51.061 INFO  (qtp203819996-20-localhost-8) [c: s: r: x:cz4034 t:localhost-8] o.a.s.c.S.Request webapp=/solr path=/admin/luke params={numTerms=0&show=index&wt=json&_=1712666510753} status=0 QTime=4
2024-04-09 12:41:51.094 INFO  (qtp203819996-49-localhost-10) [c: s: r: x:cz4034 t:localhost-10] o.a.s.c.S.Request webapp=/solr path=/admin/ping params={action=status&wt=json&_=1712662697343&ts=1712662697343} status=503 QTime=1
2024-04-09 12:41:51.127 INFO  (qtp203819996-22-localhost-9) [c: s: r: x:cz4034 t:localhost-9] o.a.s.c.S.Request webapp=/solr path=/replication params={wt=json&command=details&_=1712666510753} status=0 QTime=34
2024-04-09 12:41:51.205 INFO  (qtp203819996-17-localhost-11) [c: s: r: x:cz4034 t:localhost-11] o.a.s.c.S.Request webapp=/solr path=/admin/system params={wt=json&_=1712666510753} status=0 QTime=111
2024-04-09 12:50:10.701 INFO  (qtp203819996-49-localhost-12) [c: s: r: x:cz4034 t:localhost-12] o.a.s.c.S.Request webapp=/solr path=/select params={q=recession&df=spellcheck&defType=dismax&bf=counter^2&fl=id,+title,+subreddit,created,+body,+score&fq=created:[2024-02-01T00:00:00Z+TO+2024-02-14T23:59:59Z]&sort=reddit_score+asc&rows=5&wt=json} hits=11 status=0 QTime=239
2024-04-09 12:51:41.946 INFO  (qtp203819996-18-localhost-13) [c: s: r: x:cz4034 t:localhost-13] o.a.s.c.S.Request webapp=/solr path=/select params={q=&df=spellcheck&defType=dismax&bf=counter^2&fl=id,+title,+subreddit,created,+body,+score&fq=created:[2024-04-17T00:00:00Z+TO+2024-04-21T23:59:59Z]&sort=reddit_score+asc&rows=5&wt=json} hits=0 status=0 QTime=22
2024-04-09 12:51:51.378 INFO  (qtp203819996-22-localhost-14) [c: s: r: x:cz4034 t:localhost-14] o.a.s.c.S.Request webapp=/solr path=/select params={q=media&df=spellcheck&defType=dismax&bf=counter^2&fl=id,+title,+subreddit,created,+body,+score&fq=created:[2024-04-17T00:00:00Z+TO+2024-04-21T23:59:59Z]&sort=reddit_score+asc&rows=5&wt=json} hits=0 status=0 QTime=13
2024-04-09 12:54:02.305 INFO  (qtp203819996-19-localhost-15) [c: s: r: x:cz4034 t:localhost-15] o.a.s.c.S.Request webapp=/solr path=/select params={q=recession&df=spellcheck&defType=dismax&bf=counter^2&fl=id,+title,+subreddit,created,+body,+score&fq=created:[2024-02-01T00:00:00Z+TO+2024-02-14T23:59:59Z]&sort=reddit_score+asc&rows=5&wt=json} hits=11 status=0 QTime=4
2024-04-09 12:55:20.913 INFO  (qtp203819996-20-localhost-16) [c: s: r: x:cz4034 t:localhost-16] o.a.s.c.S.Request webapp=/solr path=/select params={q=id:+1akg3bc&wt=json} hits=1 status=0 QTime=9
2024-04-09 12:55:20.968 INFO  (qtp203819996-19-localhost-17) [c: s: r: x:cz4034 t:localhost-17] o.a.s.u.p.LogUpdateProcessorFactory webapp=/solr path=/update params={}{add=[1akg3bc (1795861848740855808)]} 0 27
2024-04-09 12:55:21.330 INFO  (searcherExecutor-13-thread-1-processing-cz4034 localhost-18) [c: s: r: x:cz4034 t:localhost-18] o.a.s.c.QuerySenderListener QuerySenderListener done.
2024-04-09 12:55:21.330 INFO  (searcherExecutor-13-thread-1-processing-cz4034 localhost-18) [c: s: r: x:cz4034 t:localhost-18] o.a.s.h.c.SpellCheckComponent Building spell index for spell checker: default
2024-04-09 12:55:21.843 INFO  (searcherExecutor-13-thread-1-processing-cz4034 localhost-18) [c: s: r: x:cz4034 t:localhost-18] o.a.s.h.c.SpellCheckComponent Building spell index for spell checker: wordbreak
2024-04-09 12:55:21.855 INFO  (searcherExecutor-13-thread-1-processing-cz4034 localhost-18) [c: s: r: x:cz4034 t:localhost-18] o.a.s.c.SolrCore Registered new searcher autowarm time: 5 ms
2024-04-09 12:55:21.961 INFO  (qtp203819996-20-localhost-18) [c: s: r: x:cz4034 t:localhost-18] o.a.s.u.p.LogUpdateProcessorFactory webapp=/solr path=/update params={commit=true}{commit=, commit=} 0 986
2024-04-09 12:55:21.979 INFO  (qtp203819996-19-localhost-19) [c: s: r: x:cz4034 t:localhost-19] o.a.s.c.S.Request webapp=/solr path=/select params={q=media&df=spellcheck&defType=dismax&bf=counter^2&fl=id,+title,+subreddit,created,+body,+score&fq=created:[2024-04-17T00:00:00Z+TO+2024-04-21T23:59:59Z]&sort=reddit_score+desc&rows=5&wt=json} hits=0 status=0 QTime=7
2024-04-09 12:56:00.711 INFO  (qtp203819996-20-localhost-20) [c: s: r: x:cz4034 t:localhost-20] o.a.s.c.S.Request webapp=/solr path=/select params={q=id:+1akg3bc&wt=json} hits=1 status=0 QTime=10
2024-04-09 12:56:00.759 INFO  (qtp203819996-19-localhost-21) [c: s: r: x:cz4034 t:localhost-21] o.a.s.u.p.LogUpdateProcessorFactory webapp=/solr path=/update params={}{add=[1akg3bc (1795861890453209088)]} 0 23
2024-04-09 12:56:01.099 INFO  (searcherExecutor-13-thread-1-processing-cz4034 localhost-22) [c: s: r: x:cz4034 t:localhost-22] o.a.s.c.QuerySenderListener QuerySenderListener done.
2024-04-09 12:56:01.099 INFO  (searcherExecutor-13-thread-1-processing-cz4034 localhost-22) [c: s: r: x:cz4034 t:localhost-22] o.a.s.h.c.SpellCheckComponent Building spell index for spell checker: default
2024-04-09 12:56:01.611 INFO  (searcherExecutor-13-thread-1-processing-cz4034 localhost-22) [c: s: r: x:cz4034 t:localhost-22] o.a.s.h.c.SpellCheckComponent Building spell index for spell checker: wordbreak
2024-04-09 12:56:01.635 INFO  (searcherExecutor-13-thread-1-processing-cz4034 localhost-22) [c: s: r: x:cz4034 t:localhost-22] o.a.s.c.SolrCore Registered new searcher autowarm time: 1 ms
2024-04-09 12:56:01.693 INFO  (qtp203819996-20-localhost-22) [c: s: r: x:cz4034 t:localhost-22] o.a.s.u.p.LogUpdateProcessorFactory webapp=/solr path=/update params={commit=true}{commit=, commit=} 0 920
2024-04-09 12:56:01.745 INFO  (qtp203819996-19-localhost-23) [c: s: r: x:cz4034 t:localhost-23] o.a.s.c.S.Request webapp=/solr path=/select params={q=recession&df=spellcheck&defType=dismax&bf=counter^2&fl=id,+title,+subreddit,created,+body,+score&fq=created:[2024-02-01T00:00:00Z+TO+2024-02-14T23:59:59Z]&sort=reddit_score+asc&rows=5&wt=json} hits=11 status=0 QTime=33
2024-04-09 12:56:15.166 WARN  (qtp203819996-21-localhost-24) [c: s: r: x:cz4034 t:localhost-24] o.a.s.s.SpellCheckCollator Exception trying to re-query to check if a spell check possibility would return any hits. => org.apache.solr.common.SolrException: invalid query parser 'license' for query '{!license}*:*'
	at org.apache.solr.search.QParser.getParser(QParser.java:392)
org.apache.solr.common.SolrException: invalid query parser 'license' for query '{!license}*:*'
	at org.apache.solr.search.QParser.getParser(QParser.java:392) ~[?:?]
	at org.apache.solr.search.QParser.getParser(QParser.java:334) ~[?:?]
	at org.apache.solr.handler.component.QueryComponent.prepare(QueryComponent.java:172) ~[?:?]
	at org.apache.solr.spelling.SpellCheckCollator.collate(SpellCheckCollator.java:154) ~[?:?]
	at org.apache.solr.handler.component.SpellCheckComponent.addCollationsToResponse(SpellCheckComponent.java:305) ~[?:?]
	at org.apache.solr.handler.component.SpellCheckComponent.process(SpellCheckComponent.java:212) ~[?:?]
	at org.apache.solr.handler.component.SearchHandler.handleRequestBody(SearchHandler.java:467) ~[?:?]
	at org.apache.solr.handler.RequestHandlerBase.handleRequest(RequestHandlerBase.java:226) ~[?:?]
	at org.apache.solr.core.SolrCore.execute(SolrCore.java:2884) ~[?:?]
	at org.apache.solr.handler.PingRequestHandler.handlePing(PingRequestHandler.java:275) ~[?:?]
	at org.apache.solr.handler.PingRequestHandler.handleRequestBody(PingRequestHandler.java:206) ~[?:?]
	at org.apache.solr.handler.RequestHandlerBase.handleRequest(RequestHandlerBase.java:226) ~[?:?]
	at org.apache.solr.core.SolrCore.execute(SolrCore.java:2884) ~[?:?]
	at org.apache.solr.servlet.HttpSolrCall.executeCoreRequest(HttpSolrCall.java:875) ~[?:?]
	at org.apache.solr.servlet.HttpSolrCall.call(HttpSolrCall.java:561) ~[?:?]
	at org.apache.solr.servlet.SolrDispatchFilter.dispatch(SolrDispatchFilter.java:262) ~[?:?]
	at org.apache.solr.servlet.SolrDispatchFilter.lambda$doFilter$0(SolrDispatchFilter.java:219) ~[?:?]
	at org.apache.solr.servlet.ServletUtils.traceHttpRequestExecution2(ServletUtils.java:249) ~[?:?]
	at org.apache.solr.servlet.ServletUtils.rateLimitRequest(ServletUtils.java:215) ~[?:?]
	at org.apache.solr.servlet.SolrDispatchFilter.doFilter(SolrDispatchFilter.java:213) ~[?:?]
	at org.apache.solr.servlet.SolrDispatchFilter.doFilter(SolrDispatchFilter.java:195) ~[?:?]
	at org.eclipse.jetty.servlet.FilterHolder.doFilter(FilterHolder.java:210) ~[jetty-servlet-10.0.19.jar:10.0.19]
	at org.eclipse.jetty.servlet.ServletHandler$Chain.doFilter(ServletHandler.java:1635) ~[jetty-servlet-10.0.19.jar:10.0.19]
	at org.eclipse.jetty.servlet.ServletHandler.doHandle(ServletHandler.java:527) ~[jetty-servlet-10.0.19.jar:10.0.19]
	at org.eclipse.jetty.server.handler.ScopedHandler.handle(ScopedHandler.java:131) ~[jetty-server-10.0.19.jar:10.0.19]
	at org.eclipse.jetty.security.SecurityHandler.handle(SecurityHandler.java:598) ~[jetty-security-10.0.19.jar:10.0.19]
	at org.eclipse.jetty.server.handler.HandlerWrapper.handle(HandlerWrapper.java:122) ~[jetty-server-10.0.19.jar:10.0.19]
	at org.eclipse.jetty.server.handler.ScopedHandler.nextHandle(ScopedHandler.java:223) ~[jetty-server-10.0.19.jar:10.0.19]
	at org.eclipse.jetty.server.session.SessionHandler.doHandle(SessionHandler.java:1580) ~[jetty-server-10.0.19.jar:10.0.19]
	at org.eclipse.jetty.server.handler.ScopedHandler.nextHandle(ScopedHandler.java:221) ~[jetty-server-10.0.19.jar:10.0.19]
	at org.eclipse.jetty.server.handler.ContextHandler.doHandle(ContextHandler.java:1384) ~[jetty-server-10.0.19.jar:10.0.19]
	at org.eclipse.jetty.server.handler.ScopedHandler.nextScope(ScopedHandler.java:176) ~[jetty-server-10.0.19.jar:10.0.19]
	at org.eclipse.jetty.servlet.ServletHandler.doScope(ServletHandler.java:484) ~[jetty-servlet-10.0.19.jar:10.0.19]
	at org.eclipse.jetty.server.session.SessionHandler.doScope(SessionHandler.java:1553) ~[jetty-server-10.0.19.jar:10.0.19]
	at org.eclipse.jetty.server.handler.ScopedHandler.nextScope(ScopedHandler.java:174) ~[jetty-server-10.0.19.jar:10.0.19]
	at org.eclipse.jetty.server.handler.ContextHandler.doScope(ContextHandler.java:1306) ~[jetty-server-10.0.19.jar:10.0.19]
	at org.eclipse.jetty.server.handler.ScopedHandler.handle(ScopedHandler.java:129) ~[jetty-server-10.0.19.jar:10.0.19]
	at org.eclipse.jetty.server.handler.ContextHandlerCollection.handle(ContextHandlerCollection.java:149) ~[jetty-server-10.0.19.jar:10.0.19]
	at org.eclipse.jetty.server.handler.InetAccessHandler.handle(InetAccessHandler.java:228) ~[jetty-server-10.0.19.jar:10.0.19]
	at org.eclipse.jetty.server.handler.HandlerCollection.handle(HandlerCollection.java:141) ~[jetty-server-10.0.19.jar:10.0.19]
	at org.eclipse.jetty.server.handler.HandlerWrapper.handle(HandlerWrapper.java:122) ~[jetty-server-10.0.19.jar:10.0.19]
	at org.eclipse.jetty.rewrite.handler.RewriteHandler.handle(RewriteHandler.java:301) ~[jetty-rewrite-10.0.19.jar:10.0.19]
	at org.eclipse.jetty.server.handler.HandlerWrapper.handle(HandlerWrapper.java:122) ~[jetty-server-10.0.19.jar:10.0.19]
	at org.eclipse.jetty.server.handler.gzip.GzipHandler.handle(GzipHandler.java:822) ~[jetty-server-10.0.19.jar:10.0.19]
	at org.eclipse.jetty.server.handler.HandlerWrapper.handle(HandlerWrapper.java:122) ~[jetty-server-10.0.19.jar:10.0.19]
	at org.eclipse.jetty.server.Server.handle(Server.java:563) ~[jetty-server-10.0.19.jar:10.0.19]
	at org.eclipse.jetty.server.HttpChannel$RequestDispatchable.dispatch(HttpChannel.java:1598) ~[jetty-server-10.0.19.jar:10.0.19]
	at org.eclipse.jetty.server.HttpChannel.dispatch(HttpChannel.java:753) ~[jetty-server-10.0.19.jar:10.0.19]
	at org.eclipse.jetty.server.HttpChannel.handle(HttpChannel.java:501) ~[jetty-server-10.0.19.jar:10.0.19]
	at org.eclipse.jetty.server.HttpConnection.onFillable(HttpConnection.java:287) ~[jetty-server-10.0.19.jar:10.0.19]
	at org.eclipse.jetty.io.AbstractConnection$ReadCallback.succeeded(AbstractConnection.java:314) ~[jetty-io-10.0.19.jar:10.0.19]
	at org.eclipse.jetty.io.FillInterest.fillable(FillInterest.java:100) ~[jetty-io-10.0.19.jar:10.0.19]
	at org.eclipse.jetty.io.SelectableChannelEndPoint$1.run(SelectableChannelEndPoint.java:53) ~[jetty-io-10.0.19.jar:10.0.19]
	at org.eclipse.jetty.util.thread.strategy.AdaptiveExecutionStrategy.runTask(AdaptiveExecutionStrategy.java:421) ~[jetty-util-10.0.19.jar:10.0.19]
	at org.eclipse.jetty.util.thread.strategy.AdaptiveExecutionStrategy.consumeTask(AdaptiveExecutionStrategy.java:390) ~[jetty-util-10.0.19.jar:10.0.19]
	at org.eclipse.jetty.util.thread.strategy.AdaptiveExecutionStrategy.tryProduce(AdaptiveExecutionStrategy.java:277) ~[jetty-util-10.0.19.jar:10.0.19]
	at org.eclipse.jetty.util.thread.strategy.AdaptiveExecutionStrategy.run(AdaptiveExecutionStrategy.java:199) ~[jetty-util-10.0.19.jar:10.0.19]
	at org.eclipse.jetty.util.thread.ReservedThreadExecutor$ReservedThread.run(ReservedThreadExecutor.java:411) ~[jetty-util-10.0.19.jar:10.0.19]
	at org.eclipse.jetty.util.thread.QueuedThreadPool.runJob(QueuedThreadPool.java:969) ~[jetty-util-10.0.19.jar:10.0.19]
	at org.eclipse.jetty.util.thread.QueuedThreadPool$Runner.doRunJob(QueuedThreadPool.java:1194) ~[jetty-util-10.0.19.jar:10.0.19]
	at org.eclipse.jetty.util.thread.QueuedThreadPool$Runner.run(QueuedThreadPool.java:1149) ~[jetty-util-10.0.19.jar:10.0.19]
	at java.base/java.lang.Thread.run(Thread.java:829) [?:?]
2024-04-09 12:56:15.166 INFO  (qtp203819996-21-localhost-24) [c: s: r: x:cz4034 t:localhost-24] o.a.s.c.S.Request webapp=/solr path=/admin/ping params={wt=json&_=1712662697343&ts=1712662697343} hits=10205 status=0 QTime=10
2024-04-09 12:56:15.167 INFO  (qtp203819996-21-localhost-24) [c: s: r: x:cz4034 t:localhost-24] o.a.s.c.S.Request webapp=/solr path=/admin/ping params={wt=json&_=1712662697343&ts=1712662697343} status=0 QTime=11
2024-04-09 12:56:16.034 INFO  (qtp203819996-21-localhost-25) [c: s: r: x: t:localhost-25] o.a.s.s.HttpSolrCall [admin] webapp=null path=/admin/cores params={indexInfo=false&wt=json&_=1712662697343} status=0 QTime=0
2024-04-09 12:56:16.054 INFO  (qtp203819996-19-localhost-27) [c: s: r: x:cz4034 t:localhost-27] o.a.s.c.S.Request webapp=/solr path=/replication params={wt=json&command=details&_=1712666510753} status=0 QTime=10
2024-04-09 12:56:16.147 INFO  (qtp203819996-24-localhost-26) [c: s: r: x: t:localhost-26] o.a.s.s.HttpSolrCall [admin] webapp=null path=/admin/info/system params={wt=json&_=1712662697343} status=0 QTime=112
2024-04-09 12:56:17.118 INFO  (qtp203819996-26-localhost-28) [c: s: r: x: t:localhost-28] o.a.s.s.HttpSolrCall [admin] webapp=null path=/admin/cores params={indexInfo=false&wt=json&_=1712662697343} status=0 QTime=0
2024-04-09 12:56:17.130 INFO  (qtp203819996-25-localhost-30) [c: s: r: x:cz4034 t:localhost-30] o.a.s.c.S.Request webapp=/solr path=/config/params params={wt=json&_=1712662697386} status=0 QTime=6
2024-04-09 12:56:17.217 INFO  (qtp203819996-21-localhost-29) [c: s: r: x: t:localhost-29] o.a.s.s.HttpSolrCall [admin] webapp=null path=/admin/info/system params={wt=json&_=1712662697343} status=0 QTime=95
2024-04-09 12:56:25.821 INFO  (qtp203819996-19-localhost-31) [c: s: r: x: t:localhost-31] o.a.s.s.HttpSolrCall [admin] webapp=null path=/admin/cores params={indexInfo=false&wt=json&_=1712662697343} status=0 QTime=0
2024-04-09 12:56:25.828 INFO  (qtp203819996-26-localhost-32) [c: s: r: x:cz4034 t:localhost-32] o.a.s.c.S.Request webapp=/solr path=/select params={q=id:+1akg3bc&indent=true&q.op=OR&useParams=&_=1712662697386} hits=1 status=0 QTime=6
2024-04-09 12:56:25.828 INFO  (qtp203819996-50-localhost-34) [c: s: r: x:cz4034 t:localhost-34] o.a.s.c.S.Request webapp=/solr path=/config/params params={wt=json&_=1712662697386} status=0 QTime=0
2024-04-09 12:56:25.922 INFO  (qtp203819996-24-localhost-33) [c: s: r: x: t:localhost-33] o.a.s.s.HttpSolrCall [admin] webapp=null path=/admin/info/system params={wt=json&_=1712662697343} status=0 QTime=98
2024-04-09 12:57:58.081 WARN  (qtp203819996-18-localhost-35) [c: s: r: x:cz4034 t:localhost-35] o.a.s.s.SpellCheckCollator Exception trying to re-query to check if a spell check possibility would return any hits. => org.apache.solr.common.SolrException: invalid query parser 'license' for query '{!license}*:*'
	at org.apache.solr.search.QParser.getParser(QParser.java:392)
org.apache.solr.common.SolrException: invalid query parser 'license' for query '{!license}*:*'
	at org.apache.solr.search.QParser.getParser(QParser.java:392) ~[?:?]
	at org.apache.solr.search.QParser.getParser(QParser.java:334) ~[?:?]
	at org.apache.solr.handler.component.QueryComponent.prepare(QueryComponent.java:172) ~[?:?]
	at org.apache.solr.spelling.SpellCheckCollator.collate(SpellCheckCollator.java:154) ~[?:?]
	at org.apache.solr.handler.component.SpellCheckComponent.addCollationsToResponse(SpellCheckComponent.java:305) ~[?:?]
	at org.apache.solr.handler.component.SpellCheckComponent.process(SpellCheckComponent.java:212) ~[?:?]
	at org.apache.solr.handler.component.SearchHandler.handleRequestBody(SearchHandler.java:467) ~[?:?]
	at org.apache.solr.handler.RequestHandlerBase.handleRequest(RequestHandlerBase.java:226) ~[?:?]
	at org.apache.solr.core.SolrCore.execute(SolrCore.java:2884) ~[?:?]
	at org.apache.solr.handler.PingRequestHandler.handlePing(PingRequestHandler.java:275) ~[?:?]
	at org.apache.solr.handler.PingRequestHandler.handleRequestBody(PingRequestHandler.java:206) ~[?:?]
	at org.apache.solr.handler.RequestHandlerBase.handleRequest(RequestHandlerBase.java:226) ~[?:?]
	at org.apache.solr.core.SolrCore.execute(SolrCore.java:2884) ~[?:?]
	at org.apache.solr.servlet.HttpSolrCall.executeCoreRequest(HttpSolrCall.java:875) ~[?:?]
	at org.apache.solr.servlet.HttpSolrCall.call(HttpSolrCall.java:561) ~[?:?]
	at org.apache.solr.servlet.SolrDispatchFilter.dispatch(SolrDispatchFilter.java:262) ~[?:?]
	at org.apache.solr.servlet.SolrDispatchFilter.lambda$doFilter$0(SolrDispatchFilter.java:219) ~[?:?]
	at org.apache.solr.servlet.ServletUtils.traceHttpRequestExecution2(ServletUtils.java:249) ~[?:?]
	at org.apache.solr.servlet.ServletUtils.rateLimitRequest(ServletUtils.java:215) ~[?:?]
	at org.apache.solr.servlet.SolrDispatchFilter.doFilter(SolrDispatchFilter.java:213) ~[?:?]
	at org.apache.solr.servlet.SolrDispatchFilter.doFilter(SolrDispatchFilter.java:195) ~[?:?]
	at org.eclipse.jetty.servlet.FilterHolder.doFilter(FilterHolder.java:210) ~[jetty-servlet-10.0.19.jar:10.0.19]
	at org.eclipse.jetty.servlet.ServletHandler$Chain.doFilter(ServletHandler.java:1635) ~[jetty-servlet-10.0.19.jar:10.0.19]
	at org.eclipse.jetty.servlet.ServletHandler.doHandle(ServletHandler.java:527) ~[jetty-servlet-10.0.19.jar:10.0.19]
	at org.eclipse.jetty.server.handler.ScopedHandler.handle(ScopedHandler.java:131) ~[jetty-server-10.0.19.jar:10.0.19]
	at org.eclipse.jetty.security.SecurityHandler.handle(SecurityHandler.java:598) ~[jetty-security-10.0.19.jar:10.0.19]
	at org.eclipse.jetty.server.handler.HandlerWrapper.handle(HandlerWrapper.java:122) ~[jetty-server-10.0.19.jar:10.0.19]
	at org.eclipse.jetty.server.handler.ScopedHandler.nextHandle(ScopedHandler.java:223) ~[jetty-server-10.0.19.jar:10.0.19]
	at org.eclipse.jetty.server.session.SessionHandler.doHandle(SessionHandler.java:1580) ~[jetty-server-10.0.19.jar:10.0.19]
	at org.eclipse.jetty.server.handler.ScopedHandler.nextHandle(ScopedHandler.java:221) ~[jetty-server-10.0.19.jar:10.0.19]
	at org.eclipse.jetty.server.handler.ContextHandler.doHandle(ContextHandler.java:1384) ~[jetty-server-10.0.19.jar:10.0.19]
	at org.eclipse.jetty.server.handler.ScopedHandler.nextScope(ScopedHandler.java:176) ~[jetty-server-10.0.19.jar:10.0.19]
	at org.eclipse.jetty.servlet.ServletHandler.doScope(ServletHandler.java:484) ~[jetty-servlet-10.0.19.jar:10.0.19]
	at org.eclipse.jetty.server.session.SessionHandler.doScope(SessionHandler.java:1553) ~[jetty-server-10.0.19.jar:10.0.19]
	at org.eclipse.jetty.server.handler.ScopedHandler.nextScope(ScopedHandler.java:174) ~[jetty-server-10.0.19.jar:10.0.19]
	at org.eclipse.jetty.server.handler.ContextHandler.doScope(ContextHandler.java:1306) ~[jetty-server-10.0.19.jar:10.0.19]
	at org.eclipse.jetty.server.handler.ScopedHandler.handle(ScopedHandler.java:129) ~[jetty-server-10.0.19.jar:10.0.19]
	at org.eclipse.jetty.server.handler.ContextHandlerCollection.handle(ContextHandlerCollection.java:149) ~[jetty-server-10.0.19.jar:10.0.19]
	at org.eclipse.jetty.server.handler.InetAccessHandler.handle(InetAccessHandler.java:228) ~[jetty-server-10.0.19.jar:10.0.19]
	at org.eclipse.jetty.server.handler.HandlerCollection.handle(HandlerCollection.java:141) ~[jetty-server-10.0.19.jar:10.0.19]
	at org.eclipse.jetty.server.handler.HandlerWrapper.handle(HandlerWrapper.java:122) ~[jetty-server-10.0.19.jar:10.0.19]
	at org.eclipse.jetty.rewrite.handler.RewriteHandler.handle(RewriteHandler.java:301) ~[jetty-rewrite-10.0.19.jar:10.0.19]
	at org.eclipse.jetty.server.handler.HandlerWrapper.handle(HandlerWrapper.java:122) ~[jetty-server-10.0.19.jar:10.0.19]
	at org.eclipse.jetty.server.handler.gzip.GzipHandler.handle(GzipHandler.java:822) ~[jetty-server-10.0.19.jar:10.0.19]
	at org.eclipse.jetty.server.handler.HandlerWrapper.handle(HandlerWrapper.java:122) ~[jetty-server-10.0.19.jar:10.0.19]
	at org.eclipse.jetty.server.Server.handle(Server.java:563) ~[jetty-server-10.0.19.jar:10.0.19]
	at org.eclipse.jetty.server.HttpChannel$RequestDispatchable.dispatch(HttpChannel.java:1598) ~[jetty-server-10.0.19.jar:10.0.19]
	at org.eclipse.jetty.server.HttpChannel.dispatch(HttpChannel.java:753) ~[jetty-server-10.0.19.jar:10.0.19]
	at org.eclipse.jetty.server.HttpChannel.handle(HttpChannel.java:501) ~[jetty-server-10.0.19.jar:10.0.19]
	at org.eclipse.jetty.server.HttpConnection.onFillable(HttpConnection.java:287) ~[jetty-server-10.0.19.jar:10.0.19]
	at org.eclipse.jetty.io.AbstractConnection$ReadCallback.succeeded(AbstractConnection.java:314) ~[jetty-io-10.0.19.jar:10.0.19]
	at org.eclipse.jetty.io.FillInterest.fillable(FillInterest.java:100) ~[jetty-io-10.0.19.jar:10.0.19]
	at org.eclipse.jetty.io.SelectableChannelEndPoint$1.run(SelectableChannelEndPoint.java:53) ~[jetty-io-10.0.19.jar:10.0.19]
	at org.eclipse.jetty.util.thread.strategy.AdaptiveExecutionStrategy.runTask(AdaptiveExecutionStrategy.java:421) ~[jetty-util-10.0.19.jar:10.0.19]
	at org.eclipse.jetty.util.thread.strategy.AdaptiveExecutionStrategy.consumeTask(AdaptiveExecutionStrategy.java:390) ~[jetty-util-10.0.19.jar:10.0.19]
	at org.eclipse.jetty.util.thread.strategy.AdaptiveExecutionStrategy.tryProduce(AdaptiveExecutionStrategy.java:277) ~[jetty-util-10.0.19.jar:10.0.19]
	at org.eclipse.jetty.util.thread.strategy.AdaptiveExecutionStrategy.run(AdaptiveExecutionStrategy.java:199) ~[jetty-util-10.0.19.jar:10.0.19]
	at org.eclipse.jetty.util.thread.ReservedThreadExecutor$ReservedThread.run(ReservedThreadExecutor.java:411) ~[jetty-util-10.0.19.jar:10.0.19]
	at org.eclipse.jetty.util.thread.QueuedThreadPool.runJob(QueuedThreadPool.java:969) ~[jetty-util-10.0.19.jar:10.0.19]
	at org.eclipse.jetty.util.thread.QueuedThreadPool$Runner.doRunJob(QueuedThreadPool.java:1194) ~[jetty-util-10.0.19.jar:10.0.19]
	at org.eclipse.jetty.util.thread.QueuedThreadPool$Runner.run(QueuedThreadPool.java:1149) ~[jetty-util-10.0.19.jar:10.0.19]
	at java.base/java.lang.Thread.run(Thread.java:829) [?:?]
2024-04-09 12:57:58.082 INFO  (qtp203819996-18-localhost-35) [c: s: r: x:cz4034 t:localhost-35] o.a.s.c.S.Request webapp=/solr path=/admin/ping params={} hits=10205 status=0 QTime=18
2024-04-09 12:57:58.083 INFO  (qtp203819996-18-localhost-35) [c: s: r: x:cz4034 t:localhost-35] o.a.s.c.S.Request webapp=/solr path=/admin/ping params={} status=0 QTime=19
2024-04-09 12:58:00.859 WARN  (qtp203819996-21-localhost-36) [c: s: r: x:cz4034 t:localhost-36] o.a.s.s.SpellCheckCollator Exception trying to re-query to check if a spell check possibility would return any hits. => org.apache.solr.common.SolrException: invalid query parser 'license' for query '{!license}*:*'
	at org.apache.solr.search.QParser.getParser(QParser.java:392)
org.apache.solr.common.SolrException: invalid query parser 'license' for query '{!license}*:*'
	at org.apache.solr.search.QParser.getParser(QParser.java:392) ~[?:?]
	at org.apache.solr.search.QParser.getParser(QParser.java:334) ~[?:?]
	at org.apache.solr.handler.component.QueryComponent.prepare(QueryComponent.java:172) ~[?:?]
	at org.apache.solr.spelling.SpellCheckCollator.collate(SpellCheckCollator.java:154) ~[?:?]
	at org.apache.solr.handler.component.SpellCheckComponent.addCollationsToResponse(SpellCheckComponent.java:305) ~[?:?]
	at org.apache.solr.handler.component.SpellCheckComponent.process(SpellCheckComponent.java:212) ~[?:?]
	at org.apache.solr.handler.component.SearchHandler.handleRequestBody(SearchHandler.java:467) ~[?:?]
	at org.apache.solr.handler.RequestHandlerBase.handleRequest(RequestHandlerBase.java:226) ~[?:?]
	at org.apache.solr.core.SolrCore.execute(SolrCore.java:2884) ~[?:?]
	at org.apache.solr.handler.PingRequestHandler.handlePing(PingRequestHandler.java:275) ~[?:?]
	at org.apache.solr.handler.PingRequestHandler.handleRequestBody(PingRequestHandler.java:206) ~[?:?]
	at org.apache.solr.handler.RequestHandlerBase.handleRequest(RequestHandlerBase.java:226) ~[?:?]
	at org.apache.solr.core.SolrCore.execute(SolrCore.java:2884) ~[?:?]
	at org.apache.solr.servlet.HttpSolrCall.executeCoreRequest(HttpSolrCall.java:875) ~[?:?]
	at org.apache.solr.servlet.HttpSolrCall.call(HttpSolrCall.java:561) ~[?:?]
	at org.apache.solr.servlet.SolrDispatchFilter.dispatch(SolrDispatchFilter.java:262) ~[?:?]
	at org.apache.solr.servlet.SolrDispatchFilter.lambda$doFilter$0(SolrDispatchFilter.java:219) ~[?:?]
	at org.apache.solr.servlet.ServletUtils.traceHttpRequestExecution2(ServletUtils.java:249) ~[?:?]
	at org.apache.solr.servlet.ServletUtils.rateLimitRequest(ServletUtils.java:215) ~[?:?]
	at org.apache.solr.servlet.SolrDispatchFilter.doFilter(SolrDispatchFilter.java:213) ~[?:?]
	at org.apache.solr.servlet.SolrDispatchFilter.doFilter(SolrDispatchFilter.java:195) ~[?:?]
	at org.eclipse.jetty.servlet.FilterHolder.doFilter(FilterHolder.java:210) ~[jetty-servlet-10.0.19.jar:10.0.19]
	at org.eclipse.jetty.servlet.ServletHandler$Chain.doFilter(ServletHandler.java:1635) ~[jetty-servlet-10.0.19.jar:10.0.19]
	at org.eclipse.jetty.servlet.ServletHandler.doHandle(ServletHandler.java:527) ~[jetty-servlet-10.0.19.jar:10.0.19]
	at org.eclipse.jetty.server.handler.ScopedHandler.handle(ScopedHandler.java:131) ~[jetty-server-10.0.19.jar:10.0.19]
	at org.eclipse.jetty.security.SecurityHandler.handle(SecurityHandler.java:598) ~[jetty-security-10.0.19.jar:10.0.19]
	at org.eclipse.jetty.server.handler.HandlerWrapper.handle(HandlerWrapper.java:122) ~[jetty-server-10.0.19.jar:10.0.19]
	at org.eclipse.jetty.server.handler.ScopedHandler.nextHandle(ScopedHandler.java:223) ~[jetty-server-10.0.19.jar:10.0.19]
	at org.eclipse.jetty.server.session.SessionHandler.doHandle(SessionHandler.java:1580) ~[jetty-server-10.0.19.jar:10.0.19]
	at org.eclipse.jetty.server.handler.ScopedHandler.nextHandle(ScopedHandler.java:221) ~[jetty-server-10.0.19.jar:10.0.19]
	at org.eclipse.jetty.server.handler.ContextHandler.doHandle(ContextHandler.java:1384) ~[jetty-server-10.0.19.jar:10.0.19]
	at org.eclipse.jetty.server.handler.ScopedHandler.nextScope(ScopedHandler.java:176) ~[jetty-server-10.0.19.jar:10.0.19]
	at org.eclipse.jetty.servlet.ServletHandler.doScope(ServletHandler.java:484) ~[jetty-servlet-10.0.19.jar:10.0.19]
	at org.eclipse.jetty.server.session.SessionHandler.doScope(SessionHandler.java:1553) ~[jetty-server-10.0.19.jar:10.0.19]
	at org.eclipse.jetty.server.handler.ScopedHandler.nextScope(ScopedHandler.java:174) ~[jetty-server-10.0.19.jar:10.0.19]
	at org.eclipse.jetty.server.handler.ContextHandler.doScope(ContextHandler.java:1306) ~[jetty-server-10.0.19.jar:10.0.19]
	at org.eclipse.jetty.server.handler.ScopedHandler.handle(ScopedHandler.java:129) ~[jetty-server-10.0.19.jar:10.0.19]
	at org.eclipse.jetty.server.handler.ContextHandlerCollection.handle(ContextHandlerCollection.java:149) ~[jetty-server-10.0.19.jar:10.0.19]
	at org.eclipse.jetty.server.handler.InetAccessHandler.handle(InetAccessHandler.java:228) ~[jetty-server-10.0.19.jar:10.0.19]
	at org.eclipse.jetty.server.handler.HandlerCollection.handle(HandlerCollection.java:141) ~[jetty-server-10.0.19.jar:10.0.19]
	at org.eclipse.jetty.server.handler.HandlerWrapper.handle(HandlerWrapper.java:122) ~[jetty-server-10.0.19.jar:10.0.19]
	at org.eclipse.jetty.rewrite.handler.RewriteHandler.handle(RewriteHandler.java:301) ~[jetty-rewrite-10.0.19.jar:10.0.19]
	at org.eclipse.jetty.server.handler.HandlerWrapper.handle(HandlerWrapper.java:122) ~[jetty-server-10.0.19.jar:10.0.19]
	at org.eclipse.jetty.server.handler.gzip.GzipHandler.handle(GzipHandler.java:822) ~[jetty-server-10.0.19.jar:10.0.19]
	at org.eclipse.jetty.server.handler.HandlerWrapper.handle(HandlerWrapper.java:122) ~[jetty-server-10.0.19.jar:10.0.19]
	at org.eclipse.jetty.server.Server.handle(Server.java:563) ~[jetty-server-10.0.19.jar:10.0.19]
	at org.eclipse.jetty.server.HttpChannel$RequestDispatchable.dispatch(HttpChannel.java:1598) ~[jetty-server-10.0.19.jar:10.0.19]
	at org.eclipse.jetty.server.HttpChannel.dispatch(HttpChannel.java:753) ~[jetty-server-10.0.19.jar:10.0.19]
	at org.eclipse.jetty.server.HttpChannel.handle(HttpChannel.java:501) ~[jetty-server-10.0.19.jar:10.0.19]
	at org.eclipse.jetty.server.HttpConnection.onFillable(HttpConnection.java:287) ~[jetty-server-10.0.19.jar:10.0.19]
	at org.eclipse.jetty.io.AbstractConnection$ReadCallback.succeeded(AbstractConnection.java:314) ~[jetty-io-10.0.19.jar:10.0.19]
	at org.eclipse.jetty.io.FillInterest.fillable(FillInterest.java:100) ~[jetty-io-10.0.19.jar:10.0.19]
	at org.eclipse.jetty.io.SelectableChannelEndPoint$1.run(SelectableChannelEndPoint.java:53) ~[jetty-io-10.0.19.jar:10.0.19]
	at org.eclipse.jetty.util.thread.strategy.AdaptiveExecutionStrategy.runTask(AdaptiveExecutionStrategy.java:421) ~[jetty-util-10.0.19.jar:10.0.19]
	at org.eclipse.jetty.util.thread.strategy.AdaptiveExecutionStrategy.consumeTask(AdaptiveExecutionStrategy.java:390) ~[jetty-util-10.0.19.jar:10.0.19]
	at org.eclipse.jetty.util.thread.strategy.AdaptiveExecutionStrategy.tryProduce(AdaptiveExecutionStrategy.java:277) ~[jetty-util-10.0.19.jar:10.0.19]
	at org.eclipse.jetty.util.thread.strategy.AdaptiveExecutionStrategy.run(AdaptiveExecutionStrategy.java:199) ~[jetty-util-10.0.19.jar:10.0.19]
	at org.eclipse.jetty.util.thread.ReservedThreadExecutor$ReservedThread.run(ReservedThreadExecutor.java:411) ~[jetty-util-10.0.19.jar:10.0.19]
	at org.eclipse.jetty.util.thread.QueuedThreadPool.runJob(QueuedThreadPool.java:969) ~[jetty-util-10.0.19.jar:10.0.19]
	at org.eclipse.jetty.util.thread.QueuedThreadPool$Runner.doRunJob(QueuedThreadPool.java:1194) ~[jetty-util-10.0.19.jar:10.0.19]
	at org.eclipse.jetty.util.thread.QueuedThreadPool$Runner.run(QueuedThreadPool.java:1149) ~[jetty-util-10.0.19.jar:10.0.19]
	at java.base/java.lang.Thread.run(Thread.java:829) [?:?]
2024-04-09 12:58:00.860 INFO  (qtp203819996-21-localhost-36) [c: s: r: x:cz4034 t:localhost-36] o.a.s.c.S.Request webapp=/solr path=/admin/ping params={} hits=10205 status=0 QTime=16
2024-04-09 12:58:00.862 INFO  (qtp203819996-21-localhost-36) [c: s: r: x:cz4034 t:localhost-36] o.a.s.c.S.Request webapp=/solr path=/admin/ping params={} status=0 QTime=16
2024-04-09 12:58:06.495 INFO  (searcherExecutor-13-thread-1-processing-cz4034) [c: s: r: x:cz4034 t:] o.a.s.c.QuerySenderListener QuerySenderListener done.
2024-04-09 12:58:06.495 INFO  (searcherExecutor-13-thread-1-processing-cz4034) [c: s: r: x:cz4034 t:] o.a.s.h.c.SpellCheckComponent Building spell index for spell checker: default
2024-04-09 12:58:07.013 INFO  (searcherExecutor-13-thread-1-processing-cz4034) [c: s: r: x:cz4034 t:] o.a.s.h.c.SpellCheckComponent Building spell index for spell checker: wordbreak
2024-04-09 12:58:07.042 INFO  (searcherExecutor-13-thread-1-processing-cz4034) [c: s: r: x:cz4034 t:] o.a.s.c.SolrCore Registered new searcher autowarm time: 0 ms
2024-04-09 12:58:09.643 INFO  (searcherExecutor-13-thread-1-processing-cz4034) [c: s: r: x:cz4034 t:] o.a.s.c.QuerySenderListener QuerySenderListener done.
2024-04-09 12:58:09.644 INFO  (searcherExecutor-13-thread-1-processing-cz4034) [c: s: r: x:cz4034 t:] o.a.s.h.c.SpellCheckComponent Building spell index for spell checker: default
2024-04-09 12:58:10.149 INFO  (searcherExecutor-13-thread-1-processing-cz4034) [c: s: r: x:cz4034 t:] o.a.s.h.c.SpellCheckComponent Building spell index for spell checker: wordbreak
2024-04-09 12:58:10.159 INFO  (searcherExecutor-13-thread-1-processing-cz4034) [c: s: r: x:cz4034 t:] o.a.s.c.SolrCore Registered new searcher autowarm time: 1 ms
2024-04-09 12:58:11.090 INFO  (qtp203819996-20-localhost-37) [c: s: r: x:cz4034 t:localhost-37] o.a.s.u.p.LogUpdateProcessorFactory webapp=/solr path=/update params={}{add=[1azytar (1795862018155085824), 1azyssf (1795862018165571584), 1azxsze (1795862018165571585), 1azx26v (1795862018165571586), 1azvuxx (1795862018166620160), 1azva4x (1795862018167668736), 1azv8xe (1795862018167668737), 1azv3no (1795862018168717312), 1azun3q (1795862018169765888), 1azu5hw (1795862018169765889), ... (10205 adds)]} 0 8996
2024-04-09 12:58:11.950 INFO  (searcherExecutor-13-thread-1-processing-cz4034 localhost-38) [c: s: r: x:cz4034 t:localhost-38] o.a.s.c.QuerySenderListener QuerySenderListener done.
2024-04-09 12:58:11.950 INFO  (searcherExecutor-13-thread-1-processing-cz4034 localhost-38) [c: s: r: x:cz4034 t:localhost-38] o.a.s.h.c.SpellCheckComponent Building spell index for spell checker: default
2024-04-09 12:58:12.398 INFO  (searcherExecutor-13-thread-1-processing-cz4034 localhost-38) [c: s: r: x:cz4034 t:localhost-38] o.a.s.h.c.SpellCheckComponent Building spell index for spell checker: wordbreak
2024-04-09 12:58:12.409 INFO  (searcherExecutor-13-thread-1-processing-cz4034 localhost-38) [c: s: r: x:cz4034 t:localhost-38] o.a.s.c.SolrCore Registered new searcher autowarm time: 1 ms
2024-04-09 12:58:12.515 INFO  (searcherExecutor-13-thread-1-processing-cz4034 localhost-38) [c: s: r: x:cz4034 t:localhost-38] o.a.s.c.QuerySenderListener QuerySenderListener done.
2024-04-09 12:58:12.515 INFO  (searcherExecutor-13-thread-1-processing-cz4034 localhost-38) [c: s: r: x:cz4034 t:localhost-38] o.a.s.h.c.SpellCheckComponent Building spell index for spell checker: default
2024-04-09 12:58:12.871 INFO  (searcherExecutor-13-thread-1-processing-cz4034 localhost-38) [c: s: r: x:cz4034 t:localhost-38] o.a.s.h.c.SpellCheckComponent Building spell index for spell checker: wordbreak
2024-04-09 12:58:12.879 INFO  (searcherExecutor-13-thread-1-processing-cz4034 localhost-38) [c: s: r: x:cz4034 t:localhost-38] o.a.s.c.SolrCore Registered new searcher autowarm time: 0 ms
2024-04-09 12:58:12.950 INFO  (qtp203819996-21-localhost-38) [c: s: r: x:cz4034 t:localhost-38] o.a.s.u.p.LogUpdateProcessorFactory webapp=/solr path=/update params={commit=true}{commit=, commit=} 0 1846
2024-04-09 13:03:44.981 INFO  (ShutdownMonitor) [c: s: r: x: t:] o.e.j.s.Server Stopped Server@1af1347d{STOPPING}[10.0.19,sto=0]
2024-04-09 13:03:44.994 INFO  (ShutdownMonitor) [c: s: r: x: t:] o.e.j.s.AbstractConnector Stopped ServerConnector@51b01960{HTTP/1.1, (http/1.1, h2c)}{127.0.0.1:8983}
2024-04-09 13:03:45.022 INFO  (ShutdownMonitor) [c: s: r: x: t:] o.a.s.c.CoreContainer Shutting down CoreContainer instance=646410842
2024-04-09 13:03:45.028 INFO  (coreCloseExecutor-19-thread-1) [c: s: r: x:cz4034 t:] o.a.s.c.SolrCore CLOSING SolrCore org.apache.solr.core.SolrCore@52daf44c cz4034
2024-04-09 13:03:45.031 INFO  (coreCloseExecutor-19-thread-1) [c: s: r: x:cz4034 t:] o.a.s.m.SolrMetricManager Closing metric reporters for registry=solr.core.cz4034 tag=SolrCore@52daf44c
2024-04-09 13:03:45.079 INFO  (coreCloseExecutor-19-thread-1) [c: s: r: x:cz4034 t:] o.a.s.u.DirectUpdateHandler2 Committing on IndexWriter.close()  ... SKIPPED (unnecessary).
2024-04-09 13:03:45.103 INFO  (ShutdownMonitor) [c: s: r: x: t:] o.a.s.m.SolrMetricManager Closing metric reporters for registry=solr.node tag=null
2024-04-09 13:03:45.125 INFO  (ShutdownMonitor) [c: s: r: x: t:] o.a.s.m.SolrMetricManager Closing metric reporters for registry=solr.jvm tag=null
2024-04-09 13:03:45.134 INFO  (ShutdownMonitor) [c: s: r: x: t:] o.a.s.m.SolrMetricManager Closing metric reporters for registry=solr.jetty tag=null
2024-04-09 13:03:45.174 INFO  (ShutdownMonitor) [c: s: r: x: t:] o.e.j.s.h.ContextHandler Stopped o.e.j.w.WebAppContext@5bb3131b{solr-jetty-context.xml,/solr,null,STOPPED}{C:\Users\Su Myat\Information-Retrieval\backend-index\solr-9.5.0\server/solr-webapp/webapp}
