[2024-04-14T00:42:37.350+0800][0.044s] Heap region size: 1M
[2024-04-14T00:42:37.572+0800][0.266s] Using G1
[2024-04-14T00:42:37.572+0800][0.266s] Heap address: 0x00000000e0000000, size: 512 MB, Compressed Oops mode: 32-bit
[2024-04-14T00:42:38.691+0800][1.386s] GC(0) Pause Young (Normal) (G1 Evacuation Pause)
[2024-04-14T00:42:38.692+0800][1.386s] GC(0) Using 10 workers of 10 for evacuation
[2024-04-14T00:42:38.695+0800][1.390s] GC(0)   Pre Evacuate Collection Set: 0.0ms
[2024-04-14T00:42:38.695+0800][1.390s] GC(0)   Evacuate Collection Set: 2.6ms
[2024-04-14T00:42:38.695+0800][1.390s] GC(0)   Post Evacuate Collection Set: 0.5ms
[2024-04-14T00:42:38.695+0800][1.390s] GC(0)   Other: 0.9ms
[2024-04-14T00:42:38.695+0800][1.390s] GC(0) Eden regions: 30->0(303)
[2024-04-14T00:42:38.695+0800][1.390s] GC(0) Survivor regions: 0->4(4)
[2024-04-14T00:42:38.695+0800][1.390s] GC(0) Old regions: 0->0
[2024-04-14T00:42:38.695+0800][1.390s] GC(0) Humongous regions: 0->0
[2024-04-14T00:42:38.695+0800][1.390s] GC(0) Metaspace: 12548K->12548K(1060864K)
[2024-04-14T00:42:38.697+0800][1.390s] GC(0) Pause Young (Normal) (G1 Evacuation Pause) 30M->3M(512M) 4.459ms
[2024-04-14T00:42:38.697+0800][1.390s] GC(0) User=0.00s Sys=0.00s Real=0.01s
[2024-04-14T00:42:39.404+0800][2.098s] GC(1) Pause Young (Concurrent Start) (Metadata GC Threshold)
[2024-04-14T00:42:39.404+0800][2.098s] GC(1) Using 10 workers of 10 for evacuation
[2024-04-14T00:42:39.415+0800][2.109s] GC(1)   Pre Evacuate Collection Set: 0.1ms
[2024-04-14T00:42:39.415+0800][2.109s] GC(1)   Evacuate Collection Set: 10.1ms
[2024-04-14T00:42:39.415+0800][2.109s] GC(1)   Post Evacuate Collection Set: 0.9ms
[2024-04-14T00:42:39.415+0800][2.109s] GC(1)   Other: 0.3ms
[2024-04-14T00:42:39.415+0800][2.109s] GC(1) Eden regions: 37->0(77)
[2024-04-14T00:42:39.415+0800][2.109s] GC(1) Survivor regions: 4->12(39)
[2024-04-14T00:42:39.415+0800][2.109s] GC(1) Old regions: 0->0
[2024-04-14T00:42:39.415+0800][2.109s] GC(1) Humongous regions: 4->4
[2024-04-14T00:42:39.415+0800][2.109s] GC(1) Metaspace: 20511K->20511K(1069056K)
[2024-04-14T00:42:39.415+0800][2.109s] GC(1) Pause Young (Concurrent Start) (Metadata GC Threshold) 43M->15M(512M) 11.501ms
[2024-04-14T00:42:39.415+0800][2.109s] GC(1) User=0.00s Sys=0.00s Real=0.01s
[2024-04-14T00:42:39.415+0800][2.109s] GC(2) Concurrent Cycle
[2024-04-14T00:42:39.415+0800][2.109s] GC(2) Concurrent Clear Claimed Marks
[2024-04-14T00:42:39.415+0800][2.109s] GC(2) Concurrent Clear Claimed Marks 0.029ms
[2024-04-14T00:42:39.415+0800][2.109s] GC(2) Concurrent Scan Root Regions
[2024-04-14T00:42:39.419+0800][2.113s] GC(2) Concurrent Scan Root Regions 3.850ms
[2024-04-14T00:42:39.419+0800][2.113s] GC(2) Concurrent Mark (2.113s)
[2024-04-14T00:42:39.419+0800][2.113s] GC(2) Concurrent Mark From Roots
[2024-04-14T00:42:39.419+0800][2.113s] GC(2) Using 3 workers of 3 for marking
[2024-04-14T00:42:39.420+0800][2.114s] GC(2) Concurrent Mark From Roots 1.215ms
[2024-04-14T00:42:39.420+0800][2.114s] GC(2) Concurrent Preclean
[2024-04-14T00:42:39.420+0800][2.115s] GC(2) Concurrent Preclean 0.076ms
[2024-04-14T00:42:39.420+0800][2.115s] GC(2) Concurrent Mark (2.113s, 2.115s) 1.377ms
[2024-04-14T00:42:39.420+0800][2.115s] GC(2) Pause Remark
[2024-04-14T00:42:39.422+0800][2.116s] GC(2) Cleaned string and symbol table, strings: 9373 processed, 0 removed, symbols: 66083 processed, 14 removed
[2024-04-14T00:42:39.422+0800][2.117s] GC(2) Pause Remark 16M->16M(512M) 2.023ms
[2024-04-14T00:42:39.423+0800][2.117s] GC(2) User=0.02s Sys=0.00s Real=0.00s
[2024-04-14T00:42:39.423+0800][2.117s] GC(2) Concurrent Rebuild Remembered Sets
[2024-04-14T00:42:39.425+0800][2.120s] GC(2) Concurrent Rebuild Remembered Sets 2.893ms
[2024-04-14T00:42:39.425+0800][2.120s] GC(2) Pause Cleanup
[2024-04-14T00:42:39.427+0800][2.120s] GC(2) Pause Cleanup 16M->16M(512M) 0.152ms
[2024-04-14T00:42:39.427+0800][2.120s] GC(2) User=0.00s Sys=0.00s Real=0.00s
[2024-04-14T00:42:39.427+0800][2.120s] GC(2) Concurrent Cleanup for Next Mark
[2024-04-14T00:42:39.427+0800][2.121s] GC(2) Concurrent Cleanup for Next Mark 0.304ms
[2024-04-14T00:42:39.427+0800][2.121s] GC(2) Concurrent Cycle 11.533ms
[2024-04-14T00:42:40.295+0800][2.988s] GC(3) Pause Young (Normal) (G1 Evacuation Pause)
[2024-04-14T00:42:40.295+0800][2.988s] GC(3) Using 10 workers of 10 for evacuation
[2024-04-14T00:42:40.304+0800][2.998s] GC(3)   Pre Evacuate Collection Set: 0.0ms
[2024-04-14T00:42:40.304+0800][2.998s] GC(3)   Evacuate Collection Set: 8.7ms
[2024-04-14T00:42:40.304+0800][2.998s] GC(3)   Post Evacuate Collection Set: 0.9ms
[2024-04-14T00:42:40.304+0800][2.998s] GC(3)   Other: 0.2ms
[2024-04-14T00:42:40.304+0800][2.998s] GC(3) Eden regions: 49->0(86)
[2024-04-14T00:42:40.304+0800][2.998s] GC(3) Survivor regions: 12->4(8)
[2024-04-14T00:42:40.304+0800][2.998s] GC(3) Old regions: 0->12
[2024-04-14T00:42:40.304+0800][2.998s] GC(3) Humongous regions: 4->4
[2024-04-14T00:42:40.304+0800][2.998s] GC(3) Metaspace: 27942K->27942K(1075200K)
[2024-04-14T00:42:40.304+0800][2.998s] GC(3) Pause Young (Normal) (G1 Evacuation Pause) 64M->19M(512M) 10.101ms
[2024-04-14T00:42:40.305+0800][2.999s] GC(3) User=0.02s Sys=0.00s Real=0.01s
[2024-04-14T00:42:40.904+0800][3.598s] GC(4) Pause Young (Normal) (G1 Evacuation Pause)
[2024-04-14T00:42:40.904+0800][3.598s] GC(4) Using 10 workers of 10 for evacuation
[2024-04-14T00:42:40.907+0800][3.601s] GC(4)   Pre Evacuate Collection Set: 0.0ms
[2024-04-14T00:42:40.907+0800][3.601s] GC(4)   Evacuate Collection Set: 2.0ms
[2024-04-14T00:42:40.907+0800][3.601s] GC(4)   Post Evacuate Collection Set: 0.6ms
[2024-04-14T00:42:40.907+0800][3.601s] GC(4)   Other: 0.2ms
[2024-04-14T00:42:40.907+0800][3.601s] GC(4) Eden regions: 86->0(125)
[2024-04-14T00:42:40.907+0800][3.601s] GC(4) Survivor regions: 4->8(12)
[2024-04-14T00:42:40.907+0800][3.601s] GC(4) Old regions: 12->12
[2024-04-14T00:42:40.907+0800][3.601s] GC(4) Humongous regions: 4->4
[2024-04-14T00:42:40.907+0800][3.601s] GC(4) Metaspace: 28102K->28102K(1075200K)
[2024-04-14T00:42:40.908+0800][3.601s] GC(4) Pause Young (Normal) (G1 Evacuation Pause) 105M->22M(512M) 2.981ms
[2024-04-14T00:42:40.908+0800][3.601s] GC(4) User=0.02s Sys=0.00s Real=0.00s
[2024-04-14T00:42:42.517+0800][5.210s] GC(5) Pause Young (Normal) (G1 Evacuation Pause)
[2024-04-14T00:42:42.517+0800][5.210s] GC(5) Using 10 workers of 10 for evacuation
[2024-04-14T00:42:42.520+0800][5.214s] GC(5)   Pre Evacuate Collection Set: 0.0ms
[2024-04-14T00:42:42.520+0800][5.214s] GC(5)   Evacuate Collection Set: 2.5ms
[2024-04-14T00:42:42.520+0800][5.214s] GC(5)   Post Evacuate Collection Set: 0.7ms
[2024-04-14T00:42:42.520+0800][5.214s] GC(5)   Other: 0.2ms
[2024-04-14T00:42:42.520+0800][5.214s] GC(5) Eden regions: 125->0(298)
[2024-04-14T00:42:42.520+0800][5.214s] GC(5) Survivor regions: 8->9(17)
[2024-04-14T00:42:42.520+0800][5.214s] GC(5) Old regions: 12->12
[2024-04-14T00:42:42.520+0800][5.214s] GC(5) Humongous regions: 4->4
[2024-04-14T00:42:42.520+0800][5.214s] GC(5) Metaspace: 32886K->32886K(1079296K)
[2024-04-14T00:42:42.520+0800][5.214s] GC(5) Pause Young (Normal) (G1 Evacuation Pause) 147M->24M(512M) 3.605ms
[2024-04-14T00:42:42.520+0800][5.214s] GC(5) User=0.00s Sys=0.00s Real=0.00s
[2024-04-14T00:42:43.086+0800][5.781s] GC(6) Pause Young (Concurrent Start) (Metadata GC Threshold)
[2024-04-14T00:42:43.086+0800][5.781s] GC(6) Using 10 workers of 10 for evacuation
[2024-04-14T00:42:43.091+0800][5.786s] GC(6)   Pre Evacuate Collection Set: 0.1ms
[2024-04-14T00:42:43.091+0800][5.786s] GC(6)   Evacuate Collection Set: 4.0ms
[2024-04-14T00:42:43.091+0800][5.786s] GC(6)   Post Evacuate Collection Set: 0.7ms
[2024-04-14T00:42:43.091+0800][5.786s] GC(6)   Other: 0.3ms
[2024-04-14T00:42:43.091+0800][5.786s] GC(6) Eden regions: 44->0(216)
[2024-04-14T00:42:43.091+0800][5.786s] GC(6) Survivor regions: 9->10(39)
[2024-04-14T00:42:43.091+0800][5.786s] GC(6) Old regions: 12->12
[2024-04-14T00:42:43.091+0800][5.786s] GC(6) Humongous regions: 4->4
[2024-04-14T00:42:43.091+0800][5.786s] GC(6) Metaspace: 34771K->34771K(1081344K)
[2024-04-14T00:42:43.091+0800][5.786s] GC(6) Pause Young (Concurrent Start) (Metadata GC Threshold) 68M->24M(512M) 5.167ms
[2024-04-14T00:42:43.091+0800][5.786s] GC(6) User=0.00s Sys=0.00s Real=0.01s
[2024-04-14T00:42:43.091+0800][5.786s] GC(7) Concurrent Cycle
[2024-04-14T00:42:43.091+0800][5.786s] GC(7) Concurrent Clear Claimed Marks
[2024-04-14T00:42:43.091+0800][5.786s] GC(7) Concurrent Clear Claimed Marks 0.034ms
[2024-04-14T00:42:43.091+0800][5.786s] GC(7) Concurrent Scan Root Regions
[2024-04-14T00:42:43.094+0800][5.788s] GC(7) Concurrent Scan Root Regions 1.727ms
[2024-04-14T00:42:43.094+0800][5.788s] GC(7) Concurrent Mark (5.788s)
[2024-04-14T00:42:43.094+0800][5.788s] GC(7) Concurrent Mark From Roots
[2024-04-14T00:42:43.094+0800][5.788s] GC(7) Using 3 workers of 3 for marking
[2024-04-14T00:42:43.105+0800][5.799s] GC(7) Concurrent Mark From Roots 10.902ms
[2024-04-14T00:42:43.105+0800][5.799s] GC(7) Concurrent Preclean
[2024-04-14T00:42:43.105+0800][5.799s] GC(7) Concurrent Preclean 0.201ms
[2024-04-14T00:42:43.105+0800][5.799s] GC(7) Concurrent Mark (5.788s, 5.799s) 11.284ms
[2024-04-14T00:42:43.105+0800][5.799s] GC(7) Pause Remark
[2024-04-14T00:42:43.120+0800][5.814s] GC(7) Cleaned string and symbol table, strings: 15582 processed, 15 removed, symbols: 110620 processed, 46 removed
[2024-04-14T00:42:43.121+0800][5.815s] GC(7) Pause Remark 26M->26M(512M) 15.275ms
[2024-04-14T00:42:43.121+0800][5.815s] GC(7) User=0.00s Sys=0.00s Real=0.02s
[2024-04-14T00:42:43.121+0800][5.815s] GC(7) Concurrent Rebuild Remembered Sets
[2024-04-14T00:42:43.128+0800][5.823s] GC(7) Concurrent Rebuild Remembered Sets 7.732ms
[2024-04-14T00:42:43.129+0800][5.823s] GC(7) Pause Cleanup
[2024-04-14T00:42:43.129+0800][5.823s] GC(7) Pause Cleanup 26M->26M(512M) 0.130ms
[2024-04-14T00:42:43.129+0800][5.823s] GC(7) User=0.00s Sys=0.00s Real=0.00s
[2024-04-14T00:42:43.129+0800][5.824s] GC(7) Concurrent Cleanup for Next Mark
[2024-04-14T00:42:43.130+0800][5.824s] GC(7) Concurrent Cleanup for Next Mark 0.322ms
[2024-04-14T00:42:43.130+0800][5.824s] GC(7) Concurrent Cycle 37.911ms
[2024-04-14T00:42:45.682+0800][8.376s] GC(8) Pause Young (Normal) (G1 Evacuation Pause)
[2024-04-14T00:42:45.682+0800][8.376s] GC(8) Using 10 workers of 10 for evacuation
[2024-04-14T00:42:45.697+0800][8.391s] GC(8)   Pre Evacuate Collection Set: 0.0ms
[2024-04-14T00:42:45.697+0800][8.391s] GC(8)   Evacuate Collection Set: 13.2ms
[2024-04-14T00:42:45.697+0800][8.391s] GC(8)   Post Evacuate Collection Set: 1.5ms
[2024-04-14T00:42:45.697+0800][8.391s] GC(8)   Other: 0.5ms
[2024-04-14T00:42:45.697+0800][8.391s] GC(8) Eden regions: 230->0(289)
[2024-04-14T00:42:45.697+0800][8.391s] GC(8) Survivor regions: 10->18(30)
[2024-04-14T00:42:45.697+0800][8.391s] GC(8) Old regions: 12->12
[2024-04-14T00:42:45.697+0800][8.391s] GC(8) Humongous regions: 4->4
[2024-04-14T00:42:45.697+0800][8.391s] GC(8) Metaspace: 54248K->54248K(1097728K)
[2024-04-14T00:42:45.697+0800][8.391s] GC(8) Pause Young (Normal) (G1 Evacuation Pause) 254M->33M(512M) 15.552ms
[2024-04-14T00:42:45.697+0800][8.391s] GC(8) User=0.03s Sys=0.02s Real=0.02s
[2024-04-14T00:42:47.191+0800][9.884s] GC(9) Pause Young (Concurrent Start) (Metadata GC Threshold)
[2024-04-14T00:42:47.191+0800][9.884s] GC(9) Using 10 workers of 10 for evacuation
[2024-04-14T00:42:47.222+0800][9.916s] GC(9)   Pre Evacuate Collection Set: 0.1ms
[2024-04-14T00:42:47.222+0800][9.916s] GC(9)   Evacuate Collection Set: 30.3ms
[2024-04-14T00:42:47.222+0800][9.917s] GC(9)   Post Evacuate Collection Set: 1.4ms
[2024-04-14T00:42:47.222+0800][9.917s] GC(9)   Other: 0.3ms
[2024-04-14T00:42:47.222+0800][9.917s] GC(9) Eden regions: 77->0(266)
[2024-04-14T00:42:47.222+0800][9.917s] GC(9) Survivor regions: 18->22(39)
[2024-04-14T00:42:47.222+0800][9.917s] GC(9) Old regions: 12->12
[2024-04-14T00:42:47.222+0800][9.917s] GC(9) Humongous regions: 4->4
[2024-04-14T00:42:47.222+0800][9.917s] GC(9) Metaspace: 58457K->58457K(1101824K)
[2024-04-14T00:42:47.222+0800][9.917s] GC(9) Pause Young (Concurrent Start) (Metadata GC Threshold) 110M->37M(512M) 32.499ms
[2024-04-14T00:42:47.223+0800][9.917s] GC(9) User=0.05s Sys=0.00s Real=0.03s
[2024-04-14T00:42:47.223+0800][9.917s] GC(10) Concurrent Cycle
[2024-04-14T00:42:47.223+0800][9.917s] GC(10) Concurrent Clear Claimed Marks
[2024-04-14T00:42:47.223+0800][9.917s] GC(10) Concurrent Clear Claimed Marks 0.186ms
[2024-04-14T00:42:47.223+0800][9.917s] GC(10) Concurrent Scan Root Regions
[2024-04-14T00:42:47.234+0800][9.929s] GC(10) Concurrent Scan Root Regions 11.277ms
[2024-04-14T00:42:47.234+0800][9.929s] GC(10) Concurrent Mark (9.929s)
[2024-04-14T00:42:47.234+0800][9.929s] GC(10) Concurrent Mark From Roots
[2024-04-14T00:42:47.234+0800][9.929s] GC(10) Using 3 workers of 3 for marking
[2024-04-14T00:42:47.261+0800][9.955s] GC(10) Concurrent Mark From Roots 26.585ms
[2024-04-14T00:42:47.261+0800][9.955s] GC(10) Concurrent Preclean
[2024-04-14T00:42:47.261+0800][9.956s] GC(10) Concurrent Preclean 0.291ms
[2024-04-14T00:42:47.261+0800][9.956s] GC(10) Concurrent Mark (9.929s, 9.956s) 27.076ms
[2024-04-14T00:42:47.262+0800][9.956s] GC(10) Pause Remark
[2024-04-14T00:42:47.274+0800][9.968s] GC(10) Cleaned string and symbol table, strings: 27566 processed, 1 removed, symbols: 181402 processed, 458 removed
[2024-04-14T00:42:47.274+0800][9.969s] GC(10) Pause Remark 39M->39M(512M) 12.805ms
[2024-04-14T00:42:47.275+0800][9.969s] GC(10) User=0.02s Sys=0.00s Real=0.01s
[2024-04-14T00:42:47.275+0800][9.969s] GC(10) Concurrent Rebuild Remembered Sets
[2024-04-14T00:42:47.287+0800][9.981s] GC(10) Concurrent Rebuild Remembered Sets 11.878ms
[2024-04-14T00:42:47.287+0800][9.982s] GC(10) Pause Cleanup
[2024-04-14T00:42:47.288+0800][9.982s] GC(10) Pause Cleanup 40M->40M(512M) 0.332ms
[2024-04-14T00:42:47.288+0800][9.982s] GC(10) User=0.00s Sys=0.00s Real=0.00s
[2024-04-14T00:42:47.288+0800][9.982s] GC(10) Concurrent Cleanup for Next Mark
[2024-04-14T00:42:47.288+0800][9.983s] GC(10) Concurrent Cleanup for Next Mark 0.518ms
[2024-04-14T00:42:47.288+0800][9.983s] GC(10) Concurrent Cycle 66.086ms
[2024-04-14T00:43:12.565+0800][35.259s] GC(11) Pause Young (Normal) (G1 Evacuation Pause)
[2024-04-14T00:43:12.565+0800][35.259s] GC(11) Using 10 workers of 10 for evacuation
[2024-04-14T00:43:12.582+0800][35.275s] GC(11)   Pre Evacuate Collection Set: 0.0ms
[2024-04-14T00:43:12.582+0800][35.275s] GC(11)   Evacuate Collection Set: 13.6ms
[2024-04-14T00:43:12.582+0800][35.275s] GC(11)   Post Evacuate Collection Set: 1.9ms
[2024-04-14T00:43:12.582+0800][35.275s] GC(11)   Other: 0.4ms
[2024-04-14T00:43:12.582+0800][35.275s] GC(11) Eden regions: 266->0(271)
[2024-04-14T00:43:12.582+0800][35.275s] GC(11) Survivor regions: 22->36(36)
[2024-04-14T00:43:12.582+0800][35.276s] GC(11) Old regions: 12->16
[2024-04-14T00:43:12.582+0800][35.276s] GC(11) Humongous regions: 4->4
[2024-04-14T00:43:12.582+0800][35.276s] GC(11) Metaspace: 69175K->69175K(1112064K)
[2024-04-14T00:43:12.582+0800][35.276s] GC(11) Pause Young (Normal) (G1 Evacuation Pause) 303M->55M(512M) 16.280ms
[2024-04-14T00:43:12.582+0800][35.276s] GC(11) User=0.05s Sys=0.00s Real=0.02s
[2024-04-14T00:43:15.913+0800][38.607s] GC(12) Pause Young (Normal) (G1 Evacuation Pause)
[2024-04-14T00:43:15.913+0800][38.607s] GC(12) Using 10 workers of 10 for evacuation
[2024-04-14T00:43:15.927+0800][38.621s] GC(12)   Pre Evacuate Collection Set: 0.0ms
[2024-04-14T00:43:15.927+0800][38.621s] GC(12)   Evacuate Collection Set: 12.3ms
[2024-04-14T00:43:15.927+0800][38.621s] GC(12)   Post Evacuate Collection Set: 1.5ms
[2024-04-14T00:43:15.927+0800][38.621s] GC(12)   Other: 0.3ms
[2024-04-14T00:43:15.927+0800][38.621s] GC(12) Eden regions: 271->0(281)
[2024-04-14T00:43:15.927+0800][38.621s] GC(12) Survivor regions: 36->21(39)
[2024-04-14T00:43:15.927+0800][38.621s] GC(12) Old regions: 16->33
[2024-04-14T00:43:15.927+0800][38.621s] GC(12) Humongous regions: 4->4
[2024-04-14T00:43:15.927+0800][38.621s] GC(12) Metaspace: 69990K->69990K(1112064K)
[2024-04-14T00:43:15.927+0800][38.621s] GC(12) Pause Young (Normal) (G1 Evacuation Pause) 326M->57M(512M) 14.578ms
[2024-04-14T00:43:15.927+0800][38.621s] GC(12) User=0.09s Sys=0.00s Real=0.01s
[2024-04-14T00:43:19.329+0800][42.022s] GC(13) Pause Young (Normal) (G1 Evacuation Pause)
[2024-04-14T00:43:19.329+0800][42.022s] GC(13) Using 10 workers of 10 for evacuation
[2024-04-14T00:43:19.336+0800][42.030s] GC(13)   Pre Evacuate Collection Set: 0.0ms
[2024-04-14T00:43:19.336+0800][42.030s] GC(13)   Evacuate Collection Set: 6.0ms
[2024-04-14T00:43:19.336+0800][42.030s] GC(13)   Post Evacuate Collection Set: 1.1ms
[2024-04-14T00:43:19.336+0800][42.030s] GC(13)   Other: 0.4ms
[2024-04-14T00:43:19.336+0800][42.030s] GC(13) Eden regions: 281->0(290)
[2024-04-14T00:43:19.336+0800][42.030s] GC(13) Survivor regions: 21->17(38)
[2024-04-14T00:43:19.336+0800][42.030s] GC(13) Old regions: 33->33
[2024-04-14T00:43:19.336+0800][42.030s] GC(13) Humongous regions: 4->4
[2024-04-14T00:43:19.336+0800][42.030s] GC(13) Metaspace: 70112K->70112K(1112064K)
[2024-04-14T00:43:19.336+0800][42.030s] GC(13) Pause Young (Normal) (G1 Evacuation Pause) 338M->53M(512M) 8.002ms
[2024-04-14T00:43:19.336+0800][42.030s] GC(13) User=0.03s Sys=0.00s Real=0.01s
[2024-04-14T00:43:21.829+0800][44.523s] GC(14) Pause Young (Normal) (G1 Evacuation Pause)
[2024-04-14T00:43:21.829+0800][44.523s] GC(14) Using 10 workers of 10 for evacuation
[2024-04-14T00:43:21.836+0800][44.530s] GC(14)   Pre Evacuate Collection Set: 0.0ms
[2024-04-14T00:43:21.836+0800][44.530s] GC(14)   Evacuate Collection Set: 5.6ms
[2024-04-14T00:43:21.837+0800][44.530s] GC(14)   Post Evacuate Collection Set: 1.2ms
[2024-04-14T00:43:21.837+0800][44.531s] GC(14)   Other: 0.5ms
[2024-04-14T00:43:21.837+0800][44.531s] GC(14) Eden regions: 290->0(291)
[2024-04-14T00:43:21.837+0800][44.531s] GC(14) Survivor regions: 17->16(39)
[2024-04-14T00:43:21.837+0800][44.531s] GC(14) Old regions: 33->33
[2024-04-14T00:43:21.837+0800][44.531s] GC(14) Humongous regions: 4->4
[2024-04-14T00:43:21.837+0800][44.531s] GC(14) Metaspace: 70822K->70822K(1114112K)
[2024-04-14T00:43:21.837+0800][44.531s] GC(14) Pause Young (Normal) (G1 Evacuation Pause) 343M->52M(512M) 7.709ms
[2024-04-14T00:43:21.837+0800][44.531s] GC(14) User=0.05s Sys=0.00s Real=0.01s
[2024-04-14T00:43:23.493+0800][46.187s] GC(15) Pause Young (Normal) (G1 Evacuation Pause)
[2024-04-14T00:43:23.493+0800][46.187s] GC(15) Using 10 workers of 10 for evacuation
[2024-04-14T00:43:23.499+0800][46.193s] GC(15)   Pre Evacuate Collection Set: 0.0ms
[2024-04-14T00:43:23.500+0800][46.194s] GC(15)   Evacuate Collection Set: 5.0ms
[2024-04-14T00:43:23.500+0800][46.194s] GC(15)   Post Evacuate Collection Set: 0.9ms
[2024-04-14T00:43:23.500+0800][46.194s] GC(15)   Other: 0.5ms
[2024-04-14T00:43:23.500+0800][46.194s] GC(15) Eden regions: 291->0(300)
[2024-04-14T00:43:23.500+0800][46.194s] GC(15) Survivor regions: 16->7(39)
[2024-04-14T00:43:23.500+0800][46.194s] GC(15) Old regions: 33->33
[2024-04-14T00:43:23.500+0800][46.194s] GC(15) Humongous regions: 4->4
[2024-04-14T00:43:23.500+0800][46.194s] GC(15) Metaspace: 71028K->71028K(1114112K)
[2024-04-14T00:43:23.500+0800][46.194s] GC(15) Pause Young (Normal) (G1 Evacuation Pause) 343M->43M(512M) 6.737ms
[2024-04-14T00:43:23.500+0800][46.194s] GC(15) User=0.00s Sys=0.00s Real=0.01s
[2024-04-14T00:49:23.692+0800][406.387s] GC(16) Pause Young (Normal) (G1 Evacuation Pause)
[2024-04-14T00:49:23.693+0800][406.387s] GC(16) Using 10 workers of 10 for evacuation
[2024-04-14T00:49:23.702+0800][406.396s] GC(16)   Pre Evacuate Collection Set: 0.1ms
[2024-04-14T00:49:23.702+0800][406.396s] GC(16)   Evacuate Collection Set: 7.3ms
[2024-04-14T00:49:23.702+0800][406.396s] GC(16)   Post Evacuate Collection Set: 1.1ms
[2024-04-14T00:49:23.702+0800][406.396s] GC(16)   Other: 0.6ms
[2024-04-14T00:49:23.702+0800][406.396s] GC(16) Eden regions: 300->0(294)
[2024-04-14T00:49:23.702+0800][406.396s] GC(16) Survivor regions: 7->13(39)
[2024-04-14T00:49:23.702+0800][406.396s] GC(16) Old regions: 33->33
[2024-04-14T00:49:23.702+0800][406.396s] GC(16) Humongous regions: 4->4
[2024-04-14T00:49:23.702+0800][406.396s] GC(16) Metaspace: 72396K->72396K(1114112K)
[2024-04-14T00:49:23.702+0800][406.396s] GC(16) Pause Young (Normal) (G1 Evacuation Pause) 343M->49M(512M) 9.363ms
[2024-04-14T00:49:23.702+0800][406.396s] GC(16) User=0.02s Sys=0.00s Real=0.01s
[2024-04-14T00:57:52.374+0800][915.068s] GC(17) Pause Young (Normal) (G1 Evacuation Pause)
[2024-04-14T00:57:52.374+0800][915.068s] GC(17) Using 10 workers of 10 for evacuation
[2024-04-14T00:57:52.386+0800][915.081s] GC(17)   Pre Evacuate Collection Set: 0.0ms
[2024-04-14T00:57:52.386+0800][915.081s] GC(17)   Evacuate Collection Set: 11.5ms
[2024-04-14T00:57:52.386+0800][915.081s] GC(17)   Post Evacuate Collection Set: 1.2ms
[2024-04-14T00:57:52.388+0800][915.082s] GC(17)   Other: 0.4ms
[2024-04-14T00:57:52.388+0800][915.082s] GC(17) Eden regions: 294->0(292)
[2024-04-14T00:57:52.388+0800][915.082s] GC(17) Survivor regions: 13->15(39)
[2024-04-14T00:57:52.388+0800][915.082s] GC(17) Old regions: 33->33
[2024-04-14T00:57:52.388+0800][915.082s] GC(17) Humongous regions: 5->5
[2024-04-14T00:57:52.388+0800][915.082s] GC(17) Metaspace: 73134K->73134K(1116160K)
[2024-04-14T00:57:52.388+0800][915.082s] GC(17) Pause Young (Normal) (G1 Evacuation Pause) 344M->52M(512M) 13.705ms
[2024-04-14T00:57:52.388+0800][915.082s] GC(17) User=0.05s Sys=0.02s Real=0.01s
[2024-04-14T01:29:01.263+0800][2783.957s] Heap
[2024-04-14T01:29:01.263+0800][2783.958s]  garbage-first heap   total 524288K, used 335901K [0x00000000e0000000, 0x0000000100000000)
[2024-04-14T01:29:01.263+0800][2783.958s]   region size 1024K, 293 young (300032K), 15 survivors (15360K)
[2024-04-14T01:29:01.263+0800][2783.958s]  Metaspace       used 73879K, capacity 76196K, committed 76492K, reserved 1116160K
[2024-04-14T01:29:01.263+0800][2783.958s]   class space    used 8660K, capacity 9606K, committed 9676K, reserved 1048576K
